Command line invocation:
    /Applications/Xcode.app/Contents/Developer/usr/bin/xcodebuild -scheme OasisNative -project "/Users/jonathanluquet/CODE local/evasion/ios-native/OasisNative.xcodeproj" -derivedDataPath "/Users/jonathanluquet/CODE local/evasion/fastlane/snapshot-derived-data" -destination "platform=iOS Simulator,name=iPhone 17,OS=26.2" FASTLANE_SNAPSHOT=YES FASTLANE_LANGUAGE=en-US TEST_TARGET_NAME=OasisNativeUITests build test

Build settings from command line:
    FASTLANE_LANGUAGE = en-US
    FASTLANE_SNAPSHOT = YES
    TEST_TARGET_NAME = OasisNativeUITests

Resolve Package Graph


Resolved source packages:
  RevenueCat: https://github.com/RevenueCat/purchases-ios-spm.git @ 5.63.0

ComputePackagePrebuildTargetDependencyGraph

Prepare packages

CreateBuildRequest

SendProjectDescription

CreateBuildOperation

ComputeTargetDependencyGraph
note: Building targets in dependency order
note: Target dependency graph (7 targets)
    Target 'OasisNative' in project 'OasisNative'
        ➜ Explicit dependency on target 'RevenueCat' in project 'RevenueCat'
        ➜ Explicit dependency on target 'RevenueCatUI' in project 'RevenueCat'
    Target 'RevenueCatUI' in project 'RevenueCat'
        ➜ Explicit dependency on target 'RevenueCatUI' in project 'RevenueCat'
        ➜ Explicit dependency on target 'RevenueCat_RevenueCatUI' in project 'RevenueCat'
        ➜ Explicit dependency on target 'RevenueCat' in project 'RevenueCat'
    Target 'RevenueCatUI' in project 'RevenueCat'
        ➜ Explicit dependency on target 'RevenueCat_RevenueCatUI' in project 'RevenueCat'
        ➜ Explicit dependency on target 'RevenueCat' in project 'RevenueCat'
    Target 'RevenueCat_RevenueCatUI' in project 'RevenueCat' (no dependencies)
    Target 'RevenueCat' in project 'RevenueCat'
        ➜ Explicit dependency on target 'RevenueCat' in project 'RevenueCat'
        ➜ Explicit dependency on target 'RevenueCat_RevenueCat' in project 'RevenueCat'
    Target 'RevenueCat' in project 'RevenueCat'
        ➜ Explicit dependency on target 'RevenueCat_RevenueCat' in project 'RevenueCat'
    Target 'RevenueCat_RevenueCat' in project 'RevenueCat' (no dependencies)

GatherProvisioningInputs

CreateBuildDescription

ClangStatCache /Applications/Xcode.app/Contents/Developer/Toolchains/XcodeDefault.xctoolchain/usr/bin/clang-stat-cache /Applications/Xcode.app/Contents/Developer/Platforms/iPhoneSimulator.platform/Developer/SDKs/iPhoneSimulator26.2.sdk /Users/jonathanluquet/CODE\ local/evasion/fastlane/snapshot-derived-data/SDKStatCaches.noindex/iphonesimulator26.2-23C53-dc75598d0054f22ec865fa860f139d727d00a8b37fbd7999ea79df8ebc024bf0.sdkstatcache
    cd /Users/jonathanluquet/CODE\ local/evasion/ios-native/OasisNative.xcodeproj
    /Applications/Xcode.app/Contents/Developer/Toolchains/XcodeDefault.xctoolchain/usr/bin/clang-stat-cache /Applications/Xcode.app/Contents/Developer/Platforms/iPhoneSimulator.platform/Developer/SDKs/iPhoneSimulator26.2.sdk -o /Users/jonathanluquet/CODE\ local/evasion/fastlane/snapshot-derived-data/SDKStatCaches.noindex/iphonesimulator26.2-23C53-dc75598d0054f22ec865fa860f139d727d00a8b37fbd7999ea79df8ebc024bf0.sdkstatcache

ProcessProductPackaging "" /Users/jonathanluquet/CODE\ local/evasion/fastlane/snapshot-derived-data/Build/Intermediates.noindex/OasisNative.build/Debug-iphonesimulator/OasisNative.build/Oasis.app-Simulated.xcent (in target 'OasisNative' from project 'OasisNative')
    cd /Users/jonathanluquet/CODE\ local/evasion/ios-native
    
    Entitlements:
    
    {
    "application-identifier" = "346GF2QVCC.com.jonathanluquet.drift";
}
    
    builtin-productPackagingUtility -entitlements -format xml -o /Users/jonathanluquet/CODE\ local/evasion/fastlane/snapshot-derived-data/Build/Intermediates.noindex/OasisNative.build/Debug-iphonesimulator/OasisNative.build/Oasis.app-Simulated.xcent

ProcessProductPackagingDER /Users/jonathanluquet/CODE\ local/evasion/fastlane/snapshot-derived-data/Build/Intermediates.noindex/OasisNative.build/Debug-iphonesimulator/OasisNative.build/Oasis.app-Simulated.xcent /Users/jonathanluquet/CODE\ local/evasion/fastlane/snapshot-derived-data/Build/Intermediates.noindex/OasisNative.build/Debug-iphonesimulator/OasisNative.build/Oasis.app-Simulated.xcent.der (in target 'OasisNative' from project 'OasisNative')
    cd /Users/jonathanluquet/CODE\ local/evasion/ios-native
    /usr/bin/derq query -f xml -i /Users/jonathanluquet/CODE\ local/evasion/fastlane/snapshot-derived-data/Build/Intermediates.noindex/OasisNative.build/Debug-iphonesimulator/OasisNative.build/Oasis.app-Simulated.xcent -o /Users/jonathanluquet/CODE\ local/evasion/fastlane/snapshot-derived-data/Build/Intermediates.noindex/OasisNative.build/Debug-iphonesimulator/OasisNative.build/Oasis.app-Simulated.xcent.der --raw

ProcessInfoPlistFile /Users/jonathanluquet/CODE\ local/evasion/fastlane/snapshot-derived-data/Build/Products/Debug-iphonesimulator/RevenueCat_RevenueCat.bundle/Info.plist /Users/jonathanluquet/CODE\ local/evasion/fastlane/snapshot-derived-data/Build/Intermediates.noindex/RevenueCat.build/Debug-iphonesimulator/RevenueCat_RevenueCat.build/empty-RevenueCat_RevenueCat.plist (in target 'RevenueCat_RevenueCat' from project 'RevenueCat')
    cd /Users/jonathanluquet/CODE\ local/evasion/fastlane/snapshot-derived-data/SourcePackages/checkouts/purchases-ios-spm
    builtin-infoPlistUtility /Users/jonathanluquet/CODE\ local/evasion/fastlane/snapshot-derived-data/Build/Intermediates.noindex/RevenueCat.build/Debug-iphonesimulator/RevenueCat_RevenueCat.build/empty-RevenueCat_RevenueCat.plist -producttype com.apple.product-type.bundle -expandbuildsettings -format binary -platform iphonesimulator -o /Users/jonathanluquet/CODE\ local/evasion/fastlane/snapshot-derived-data/Build/Products/Debug-iphonesimulator/RevenueCat_RevenueCat.bundle/Info.plist

ProcessInfoPlistFile /Users/jonathanluquet/CODE\ local/evasion/fastlane/snapshot-derived-data/Build/Products/Debug-iphonesimulator/RevenueCat_RevenueCatUI.bundle/Info.plist /Users/jonathanluquet/CODE\ local/evasion/fastlane/snapshot-derived-data/Build/Intermediates.noindex/RevenueCat.build/Debug-iphonesimulator/RevenueCat_RevenueCatUI.build/empty-RevenueCat_RevenueCatUI.plist (in target 'RevenueCat_RevenueCatUI' from project 'RevenueCat')
    cd /Users/jonathanluquet/CODE\ local/evasion/fastlane/snapshot-derived-data/SourcePackages/checkouts/purchases-ios-spm
    builtin-infoPlistUtility /Users/jonathanluquet/CODE\ local/evasion/fastlane/snapshot-derived-data/Build/Intermediates.noindex/RevenueCat.build/Debug-iphonesimulator/RevenueCat_RevenueCatUI.build/empty-RevenueCat_RevenueCatUI.plist -producttype com.apple.product-type.bundle -expandbuildsettings -format binary -platform iphonesimulator -additionalcontentfile /Users/jonathanluquet/CODE\ local/evasion/fastlane/snapshot-derived-data/Build/Intermediates.noindex/RevenueCat.build/Debug-iphonesimulator/RevenueCat_RevenueCatUI.build/assetcatalog_generated_info.plist -o /Users/jonathanluquet/CODE\ local/evasion/fastlane/snapshot-derived-data/Build/Products/Debug-iphonesimulator/RevenueCat_RevenueCatUI.bundle/Info.plist

Ld /Users/jonathanluquet/CODE\ local/evasion/fastlane/snapshot-derived-data/Build/Products/Debug-iphonesimulator/Oasis.app/Oasis.debug.dylib normal (in target 'OasisNative' from project 'OasisNative')
    cd /Users/jonathanluquet/CODE\ local/evasion/ios-native
    /Applications/Xcode.app/Contents/Developer/Toolchains/XcodeDefault.xctoolchain/usr/bin/clang -Xlinker -reproducible -target arm64-apple-ios26.0-simulator -dynamiclib -isysroot /Applications/Xcode.app/Contents/Developer/Platforms/iPhoneSimulator.platform/Developer/SDKs/iPhoneSimulator26.2.sdk -O0 -L/Users/jonathanluquet/CODE\ local/evasion/fastlane/snapshot-derived-data/Build/Intermediates.noindex/EagerLinkingTBDs/Debug-iphonesimulator -L/Users/jonathanluquet/CODE\ local/evasion/fastlane/snapshot-derived-data/Build/Products/Debug-iphonesimulator -F/Users/jonathanluquet/CODE\ local/evasion/fastlane/snapshot-derived-data/Build/Intermediates.noindex/EagerLinkingTBDs/Debug-iphonesimulator -F/Users/jonathanluquet/CODE\ local/evasion/fastlane/snapshot-derived-data/Build/Products/Debug-iphonesimulator/PackageFrameworks -F/Users/jonathanluquet/CODE\ local/evasion/fastlane/snapshot-derived-data/Build/Products/Debug-iphonesimulator/PackageFrameworks -F/Users/jonathanluquet/CODE\ local/evasion/fastlane/snapshot-derived-data/Build/Products/Debug-iphonesimulator -filelist /Users/jonathanluquet/CODE\ local/evasion/fastlane/snapshot-derived-data/Build/Intermediates.noindex/OasisNative.build/Debug-iphonesimulator/OasisNative.build/Objects-normal/arm64/Oasis.LinkFileList -install_name @rpath/Oasis.debug.dylib -Xlinker -rpath -Xlinker /Users/jonathanluquet/CODE\ local/evasion/fastlane/snapshot-derived-data/Build/Products/Debug-iphonesimulator/PackageFrameworks -Xlinker -rpath -Xlinker @executable_path/Frameworks -dead_strip -Xlinker -object_path_lto -Xlinker /Users/jonathanluquet/CODE\ local/evasion/fastlane/snapshot-derived-data/Build/Intermediates.noindex/OasisNative.build/Debug-iphonesimulator/OasisNative.build/Objects-normal/arm64/Oasis_lto.o -rdynamic -Xlinker -no_deduplicate -Xlinker -objc_abi_version -Xlinker 2 -Xlinker -dependency_info -Xlinker /Users/jonathanluquet/CODE\ local/evasion/fastlane/snapshot-derived-data/Build/Intermediates.noindex/OasisNative.build/Debug-iphonesimulator/OasisNative.build/Objects-normal/arm64/Oasis_dependency_info.dat -fobjc-link-runtime -L/Applications/Xcode.app/Contents/Developer/Toolchains/XcodeDefault.xctoolchain/usr/lib/swift/iphonesimulator -L/usr/lib/swift -Xlinker -add_ast_path -Xlinker /Users/jonathanluquet/CODE\ local/evasion/fastlane/snapshot-derived-data/Build/Intermediates.noindex/OasisNative.build/Debug-iphonesimulator/OasisNative.build/Objects-normal/arm64/Oasis.swiftmodule @/Users/jonathanluquet/CODE\ local/evasion/fastlane/snapshot-derived-data/Build/Intermediates.noindex/OasisNative.build/Debug-iphonesimulator/OasisNative.build/Objects-normal/arm64/Oasis-linker-args.resp -Wl,-no_warn_duplicate_libraries -Wl,-no_warn_duplicate_libraries -Xlinker -alias -Xlinker _main -Xlinker ___debug_main_executable_dylib_entry_point -framework Foundation -Xlinker -no_adhoc_codesign -o /Users/jonathanluquet/CODE\ local/evasion/fastlane/snapshot-derived-data/Build/Products/Debug-iphonesimulator/Oasis.app/Oasis.debug.dylib -Xlinker -add_ast_path -Xlinker /Users/jonathanluquet/CODE\ local/evasion/fastlane/snapshot-derived-data/Build/Intermediates.noindex/RevenueCat.build/Debug-iphonesimulator/RevenueCat.build/Objects-normal/arm64/RevenueCat.swiftmodule @/Users/jonathanluquet/CODE\ local/evasion/fastlane/snapshot-derived-data/Build/Intermediates.noindex/RevenueCat.build/Debug-iphonesimulator/RevenueCat.build/Objects-normal/arm64/RevenueCat-linker-args.resp -Xlinker -add_ast_path -Xlinker /Users/jonathanluquet/CODE\ local/evasion/fastlane/snapshot-derived-data/Build/Intermediates.noindex/RevenueCat.build/Debug-iphonesimulator/RevenueCatUI.build/Objects-normal/arm64/RevenueCatUI.swiftmodule @/Users/jonathanluquet/CODE\ local/evasion/fastlane/snapshot-derived-data/Build/Intermediates.noindex/RevenueCat.build/Debug-iphonesimulator/RevenueCatUI.build/Objects-normal/arm64/RevenueCatUI-linker-args.resp

ConstructStubExecutorLinkFileList /Users/jonathanluquet/CODE\ local/evasion/fastlane/snapshot-derived-data/Build/Intermediates.noindex/OasisNative.build/Debug-iphonesimulator/OasisNative.build/Oasis-ExecutorLinkFileList-normal-arm64.txt (in target 'OasisNative' from project 'OasisNative')
    cd /Users/jonathanluquet/CODE\ local/evasion/ios-native
    construct-stub-executor-link-file-list /Users/jonathanluquet/CODE\ local/evasion/fastlane/snapshot-derived-data/Build/Products/Debug-iphonesimulator/Oasis.app/Oasis.debug.dylib /Applications/Xcode.app/Contents/Developer/Platforms/iPhoneSimulator.platform/Developer/usr/lib/libPreviewsJITStubExecutor_no_swift_entry_point.a /Applications/Xcode.app/Contents/Developer/Platforms/iPhoneSimulator.platform/Developer/usr/lib/libPreviewsJITStubExecutor.a --output /Users/jonathanluquet/CODE\ local/evasion/fastlane/snapshot-derived-data/Build/Intermediates.noindex/OasisNative.build/Debug-iphonesimulator/OasisNative.build/Oasis-ExecutorLinkFileList-normal-arm64.txt
note: Using stub executor library with Swift entry point. (in target 'OasisNative' from project 'OasisNative')

Ld /Users/jonathanluquet/CODE\ local/evasion/fastlane/snapshot-derived-data/Build/Products/Debug-iphonesimulator/Oasis.app/Oasis normal (in target 'OasisNative' from project 'OasisNative')
    cd /Users/jonathanluquet/CODE\ local/evasion/ios-native
    /Applications/Xcode.app/Contents/Developer/Toolchains/XcodeDefault.xctoolchain/usr/bin/clang -Xlinker -reproducible -target arm64-apple-ios26.0-simulator -isysroot /Applications/Xcode.app/Contents/Developer/Platforms/iPhoneSimulator.platform/Developer/SDKs/iPhoneSimulator26.2.sdk -O0 -L/Users/jonathanluquet/CODE\ local/evasion/fastlane/snapshot-derived-data/Build/Products/Debug-iphonesimulator -F/Users/jonathanluquet/CODE\ local/evasion/fastlane/snapshot-derived-data/Build/Products/Debug-iphonesimulator/PackageFrameworks -F/Users/jonathanluquet/CODE\ local/evasion/fastlane/snapshot-derived-data/Build/Products/Debug-iphonesimulator/PackageFrameworks -F/Users/jonathanluquet/CODE\ local/evasion/fastlane/snapshot-derived-data/Build/Products/Debug-iphonesimulator -Xlinker -rpath -Xlinker @executable_path -Xlinker -rpath -Xlinker /Users/jonathanluquet/CODE\ local/evasion/fastlane/snapshot-derived-data/Build/Products/Debug-iphonesimulator/PackageFrameworks -Xlinker -rpath -Xlinker @executable_path/Frameworks -rdynamic -Xlinker -no_deduplicate -Xlinker -objc_abi_version -Xlinker 2 -e ___debug_blank_executor_main -Xlinker -sectcreate -Xlinker __TEXT -Xlinker __debug_dylib -Xlinker /Users/jonathanluquet/CODE\ local/evasion/fastlane/snapshot-derived-data/Build/Intermediates.noindex/OasisNative.build/Debug-iphonesimulator/OasisNative.build/Oasis-DebugDylibPath-normal-arm64.txt -Xlinker -sectcreate -Xlinker __TEXT -Xlinker __debug_instlnm -Xlinker /Users/jonathanluquet/CODE\ local/evasion/fastlane/snapshot-derived-data/Build/Intermediates.noindex/OasisNative.build/Debug-iphonesimulator/OasisNative.build/Oasis-DebugDylibInstallName-normal-arm64.txt -Xlinker -filelist -Xlinker /Users/jonathanluquet/CODE\ local/evasion/fastlane/snapshot-derived-data/Build/Intermediates.noindex/OasisNative.build/Debug-iphonesimulator/OasisNative.build/Oasis-ExecutorLinkFileList-normal-arm64.txt -Xlinker -sectcreate -Xlinker __TEXT -Xlinker __entitlements -Xlinker /Users/jonathanluquet/CODE\ local/evasion/fastlane/snapshot-derived-data/Build/Intermediates.noindex/OasisNative.build/Debug-iphonesimulator/OasisNative.build/Oasis.app-Simulated.xcent -Xlinker -sectcreate -Xlinker __TEXT -Xlinker __ents_der -Xlinker /Users/jonathanluquet/CODE\ local/evasion/fastlane/snapshot-derived-data/Build/Intermediates.noindex/OasisNative.build/Debug-iphonesimulator/OasisNative.build/Oasis.app-Simulated.xcent.der /Users/jonathanluquet/CODE\ local/evasion/fastlane/snapshot-derived-data/Build/Products/Debug-iphonesimulator/Oasis.app/Oasis.debug.dylib -Xlinker -no_adhoc_codesign -o /Users/jonathanluquet/CODE\ local/evasion/fastlane/snapshot-derived-data/Build/Products/Debug-iphonesimulator/Oasis.app/Oasis

ExtractAppIntentsMetadata (in target 'OasisNative' from project 'OasisNative')
    cd /Users/jonathanluquet/CODE\ local/evasion/ios-native
    /Applications/Xcode.app/Contents/Developer/Toolchains/XcodeDefault.xctoolchain/usr/bin/appintentsmetadataprocessor --toolchain-dir /var/run/com.apple.security.cryptexd/mnt/com.apple.MobileAsset.MetalToolchain-v17.3.7003.10.pEtMZB/Metal.xctoolchain --module-name Oasis --sdk-root /Applications/Xcode.app/Contents/Developer/Platforms/iPhoneSimulator.platform/Developer/SDKs/iPhoneSimulator26.2.sdk --xcode-version 17C52 --platform-family iOS --deployment-target 26.0 --bundle-identifier com.jonathanluquet.drift --output /Users/jonathanluquet/CODE\ local/evasion/fastlane/snapshot-derived-data/Build/Products/Debug-iphonesimulator/Oasis.app --target-triple arm64-apple-ios26.0-simulator --binary-file /Users/jonathanluquet/CODE\ local/evasion/fastlane/snapshot-derived-data/Build/Products/Debug-iphonesimulator/Oasis.app/Oasis --dependency-file /Users/jonathanluquet/CODE\ local/evasion/fastlane/snapshot-derived-data/Build/Intermediates.noindex/OasisNative.build/Debug-iphonesimulator/OasisNative.build/Objects-normal/arm64/Oasis_dependency_info.dat --stringsdata-file /Users/jonathanluquet/CODE\ local/evasion/fastlane/snapshot-derived-data/Build/Intermediates.noindex/OasisNative.build/Debug-iphonesimulator/OasisNative.build/Objects-normal/arm64/ExtractedAppShortcutsMetadata.stringsdata --source-file-list /Users/jonathanluquet/CODE\ local/evasion/fastlane/snapshot-derived-data/Build/Intermediates.noindex/OasisNative.build/Debug-iphonesimulator/OasisNative.build/Objects-normal/arm64/Oasis.SwiftFileList --metadata-file-list /Users/jonathanluquet/CODE\ local/evasion/fastlane/snapshot-derived-data/Build/Intermediates.noindex/OasisNative.build/Debug-iphonesimulator/OasisNative.build/Oasis.DependencyMetadataFileList --static-metadata-file-list /Users/jonathanluquet/CODE\ local/evasion/fastlane/snapshot-derived-data/Build/Intermediates.noindex/OasisNative.build/Debug-iphonesimulator/OasisNative.build/Oasis.DependencyStaticMetadataFileList --swift-const-vals-list /Users/jonathanluquet/CODE\ local/evasion/fastlane/snapshot-derived-data/Build/Intermediates.noindex/OasisNative.build/Debug-iphonesimulator/OasisNative.build/Objects-normal/arm64/Oasis.SwiftConstValuesFileList --compile-time-extraction --deployment-aware-processing --validate-assistant-intents --no-app-shortcuts-localization
2026-03-13 13:34:40.501 appintentsmetadataprocessor[22743:24824151] Starting appintentsmetadataprocessor export
2026-03-13 13:34:40.505 appintentsmetadataprocessor[22743:24824151] warning: Metadata extraction skipped. No AppIntents.framework dependency found.

ProcessInfoPlistFile /Users/jonathanluquet/CODE\ local/evasion/fastlane/snapshot-derived-data/Build/Products/Debug-iphonesimulator/Oasis.app/Info.plist /Users/jonathanluquet/CODE\ local/evasion/ios-native/OasisNative/Support/Info.plist (in target 'OasisNative' from project 'OasisNative')
    cd /Users/jonathanluquet/CODE\ local/evasion/ios-native
    builtin-infoPlistUtility /Users/jonathanluquet/CODE\ local/evasion/ios-native/OasisNative/Support/Info.plist -producttype com.apple.product-type.application -genpkginfo /Users/jonathanluquet/CODE\ local/evasion/fastlane/snapshot-derived-data/Build/Products/Debug-iphonesimulator/Oasis.app/PkgInfo -expandbuildsettings -format binary -platform iphonesimulator -additionalcontentfile /Users/jonathanluquet/CODE\ local/evasion/fastlane/snapshot-derived-data/Build/Intermediates.noindex/OasisNative.build/Debug-iphonesimulator/OasisNative.build/assetcatalog_generated_info.plist -scanforprivacyfile /Users/jonathanluquet/CODE\ local/evasion/fastlane/snapshot-derived-data/Build/Products/Debug-iphonesimulator/Oasis.app/RevenueCat_RevenueCat.bundle -scanforprivacyfile /Users/jonathanluquet/CODE\ local/evasion/fastlane/snapshot-derived-data/Build/Products/Debug-iphonesimulator/Oasis.app/RevenueCat_RevenueCatUI.bundle -o /Users/jonathanluquet/CODE\ local/evasion/fastlane/snapshot-derived-data/Build/Products/Debug-iphonesimulator/Oasis.app/Info.plist

CopySwiftLibs /Users/jonathanluquet/CODE\ local/evasion/fastlane/snapshot-derived-data/Build/Products/Debug-iphonesimulator/Oasis.app (in target 'OasisNative' from project 'OasisNative')
    cd /Users/jonathanluquet/CODE\ local/evasion/ios-native
    builtin-swiftStdLibTool --copy --verbose --sign - --scan-executable /Users/jonathanluquet/CODE\ local/evasion/fastlane/snapshot-derived-data/Build/Products/Debug-iphonesimulator/Oasis.app/Oasis.debug.dylib --scan-folder /Users/jonathanluquet/CODE\ local/evasion/fastlane/snapshot-derived-data/Build/Products/Debug-iphonesimulator/Oasis.app/Frameworks --scan-folder /Users/jonathanluquet/CODE\ local/evasion/fastlane/snapshot-derived-data/Build/Products/Debug-iphonesimulator/Oasis.app/PlugIns --scan-folder /Users/jonathanluquet/CODE\ local/evasion/fastlane/snapshot-derived-data/Build/Products/Debug-iphonesimulator/Oasis.app/SystemExtensions --scan-folder /Users/jonathanluquet/CODE\ local/evasion/fastlane/snapshot-derived-data/Build/Products/Debug-iphonesimulator/Oasis.app/Extensions --scan-folder /Applications/Xcode.app/Contents/Developer/Platforms/iPhoneOS.platform/Developer/SDKs/iPhoneOS18.0.sdk/System/Library/Frameworks/Foundation.framework --platform iphonesimulator --toolchain /var/run/com.apple.security.cryptexd/mnt/com.apple.MobileAsset.MetalToolchain-v17.3.7003.10.pEtMZB/Metal.xctoolchain --toolchain /Applications/Xcode.app/Contents/Developer/Toolchains/XcodeDefault.xctoolchain --destination /Users/jonathanluquet/CODE\ local/evasion/fastlane/snapshot-derived-data/Build/Products/Debug-iphonesimulator/Oasis.app/Frameworks --strip-bitcode --strip-bitcode-tool /Applications/Xcode.app/Contents/Developer/Toolchains/XcodeDefault.xctoolchain/usr/bin/bitcode_strip --emit-dependency-info /Users/jonathanluquet/CODE\ local/evasion/fastlane/snapshot-derived-data/Build/Intermediates.noindex/OasisNative.build/Debug-iphonesimulator/OasisNative.build/SwiftStdLibToolInputDependencies.dep --filter-for-swift-os

CodeSign /Users/jonathanluquet/CODE\ local/evasion/fastlane/snapshot-derived-data/Build/Products/Debug-iphonesimulator/Oasis.app/Oasis.debug.dylib (in target 'OasisNative' from project 'OasisNative')
    cd /Users/jonathanluquet/CODE\ local/evasion/ios-native
    
    Signing Identity:     "Sign to Run Locally"
    
    /usr/bin/codesign --force --sign - --timestamp\=none --generate-entitlement-der /Users/jonathanluquet/CODE\ local/evasion/fastlane/snapshot-derived-data/Build/Products/Debug-iphonesimulator/Oasis.app/Oasis.debug.dylib

CodeSign /Users/jonathanluquet/CODE\ local/evasion/fastlane/snapshot-derived-data/Build/Products/Debug-iphonesimulator/Oasis.app (in target 'OasisNative' from project 'OasisNative')
    cd /Users/jonathanluquet/CODE\ local/evasion/ios-native
    
    Signing Identity:     "Sign to Run Locally"
    
    /usr/bin/codesign --force --sign - --timestamp\=none --generate-entitlement-der /Users/jonathanluquet/CODE\ local/evasion/fastlane/snapshot-derived-data/Build/Products/Debug-iphonesimulator/Oasis.app

Validate /Users/jonathanluquet/CODE\ local/evasion/fastlane/snapshot-derived-data/Build/Products/Debug-iphonesimulator/Oasis.app (in target 'OasisNative' from project 'OasisNative')
    cd /Users/jonathanluquet/CODE\ local/evasion/ios-native
    builtin-validationUtility /Users/jonathanluquet/CODE\ local/evasion/fastlane/snapshot-derived-data/Build/Products/Debug-iphonesimulator/Oasis.app -shallow-bundle -infoplist-subpath Info.plist

** BUILD SUCCEEDED **

ComputePackagePrebuildTargetDependencyGraph

Prepare packages

CreateBuildRequest

SendProjectDescription

CreateBuildOperation

ComputeTargetDependencyGraph
note: Building targets in dependency order
note: Target dependency graph (8 targets)
    Target 'OasisNativeUITests' in project 'OasisNative'
        ➜ Explicit dependency on target 'OasisNative' in project 'OasisNative'
    Target 'OasisNative' in project 'OasisNative'
        ➜ Explicit dependency on target 'RevenueCat' in project 'RevenueCat'
        ➜ Explicit dependency on target 'RevenueCatUI' in project 'RevenueCat'
    Target 'RevenueCatUI' in project 'RevenueCat'
        ➜ Explicit dependency on target 'RevenueCatUI' in project 'RevenueCat'
        ➜ Explicit dependency on target 'RevenueCat_RevenueCatUI' in project 'RevenueCat'
        ➜ Explicit dependency on target 'RevenueCat' in project 'RevenueCat'
    Target 'RevenueCatUI' in project 'RevenueCat'
        ➜ Explicit dependency on target 'RevenueCat_RevenueCatUI' in project 'RevenueCat'
        ➜ Explicit dependency on target 'RevenueCat' in project 'RevenueCat'
    Target 'RevenueCat_RevenueCatUI' in project 'RevenueCat' (no dependencies)
    Target 'RevenueCat' in project 'RevenueCat'
        ➜ Explicit dependency on target 'RevenueCat' in project 'RevenueCat'
        ➜ Explicit dependency on target 'RevenueCat_RevenueCat' in project 'RevenueCat'
    Target 'RevenueCat' in project 'RevenueCat'
        ➜ Explicit dependency on target 'RevenueCat_RevenueCat' in project 'RevenueCat'
    Target 'RevenueCat_RevenueCat' in project 'RevenueCat' (no dependencies)

GatherProvisioningInputs

CreateBuildDescription

ClangStatCache /Applications/Xcode.app/Contents/Developer/Toolchains/XcodeDefault.xctoolchain/usr/bin/clang-stat-cache /Applications/Xcode.app/Contents/Developer/Platforms/iPhoneSimulator.platform/Developer/SDKs/iPhoneSimulator26.2.sdk /Users/jonathanluquet/CODE\ local/evasion/fastlane/snapshot-derived-data/SDKStatCaches.noindex/iphonesimulator26.2-23C53-dc75598d0054f22ec865fa860f139d727d00a8b37fbd7999ea79df8ebc024bf0.sdkstatcache
    cd /Users/jonathanluquet/CODE\ local/evasion/ios-native/OasisNative.xcodeproj
    /Applications/Xcode.app/Contents/Developer/Toolchains/XcodeDefault.xctoolchain/usr/bin/clang-stat-cache /Applications/Xcode.app/Contents/Developer/Platforms/iPhoneSimulator.platform/Developer/SDKs/iPhoneSimulator26.2.sdk -o /Users/jonathanluquet/CODE\ local/evasion/fastlane/snapshot-derived-data/SDKStatCaches.noindex/iphonesimulator26.2-23C53-dc75598d0054f22ec865fa860f139d727d00a8b37fbd7999ea79df8ebc024bf0.sdkstatcache

ProcessInfoPlistFile /Users/jonathanluquet/CODE\ local/evasion/fastlane/snapshot-derived-data/Build/Products/Debug-iphonesimulator/RevenueCat_RevenueCat.bundle/Info.plist /Users/jonathanluquet/CODE\ local/evasion/fastlane/snapshot-derived-data/Build/Intermediates.noindex/RevenueCat.build/Debug-iphonesimulator/RevenueCat_RevenueCat.build/empty-RevenueCat_RevenueCat.plist (in target 'RevenueCat_RevenueCat' from project 'RevenueCat')
    cd /Users/jonathanluquet/CODE\ local/evasion/fastlane/snapshot-derived-data/SourcePackages/checkouts/purchases-ios-spm
    builtin-infoPlistUtility /Users/jonathanluquet/CODE\ local/evasion/fastlane/snapshot-derived-data/Build/Intermediates.noindex/RevenueCat.build/Debug-iphonesimulator/RevenueCat_RevenueCat.build/empty-RevenueCat_RevenueCat.plist -producttype com.apple.product-type.bundle -expandbuildsettings -format binary -platform iphonesimulator -o /Users/jonathanluquet/CODE\ local/evasion/fastlane/snapshot-derived-data/Build/Products/Debug-iphonesimulator/RevenueCat_RevenueCat.bundle/Info.plist

ProcessInfoPlistFile /Users/jonathanluquet/CODE\ local/evasion/fastlane/snapshot-derived-data/Build/Products/Debug-iphonesimulator/RevenueCat_RevenueCatUI.bundle/Info.plist /Users/jonathanluquet/CODE\ local/evasion/fastlane/snapshot-derived-data/Build/Intermediates.noindex/RevenueCat.build/Debug-iphonesimulator/RevenueCat_RevenueCatUI.build/empty-RevenueCat_RevenueCatUI.plist (in target 'RevenueCat_RevenueCatUI' from project 'RevenueCat')
    cd /Users/jonathanluquet/CODE\ local/evasion/fastlane/snapshot-derived-data/SourcePackages/checkouts/purchases-ios-spm
    builtin-infoPlistUtility /Users/jonathanluquet/CODE\ local/evasion/fastlane/snapshot-derived-data/Build/Intermediates.noindex/RevenueCat.build/Debug-iphonesimulator/RevenueCat_RevenueCatUI.build/empty-RevenueCat_RevenueCatUI.plist -producttype com.apple.product-type.bundle -expandbuildsettings -format binary -platform iphonesimulator -additionalcontentfile /Users/jonathanluquet/CODE\ local/evasion/fastlane/snapshot-derived-data/Build/Intermediates.noindex/RevenueCat.build/Debug-iphonesimulator/RevenueCat_RevenueCatUI.build/assetcatalog_generated_info.plist -o /Users/jonathanluquet/CODE\ local/evasion/fastlane/snapshot-derived-data/Build/Products/Debug-iphonesimulator/RevenueCat_RevenueCatUI.bundle/Info.plist

ProcessProductPackaging "" /Users/jonathanluquet/CODE\ local/evasion/fastlane/snapshot-derived-data/Build/Intermediates.noindex/OasisNative.build/Debug-iphonesimulator/OasisNative.build/Oasis.app-Simulated.xcent (in target 'OasisNative' from project 'OasisNative')
    cd /Users/jonathanluquet/CODE\ local/evasion/ios-native
    
    Entitlements:
    
    {
    "application-identifier" = "346GF2QVCC.com.jonathanluquet.drift";
}
    
    builtin-productPackagingUtility -entitlements -format xml -o /Users/jonathanluquet/CODE\ local/evasion/fastlane/snapshot-derived-data/Build/Intermediates.noindex/OasisNative.build/Debug-iphonesimulator/OasisNative.build/Oasis.app-Simulated.xcent

ProcessProductPackagingDER /Users/jonathanluquet/CODE\ local/evasion/fastlane/snapshot-derived-data/Build/Intermediates.noindex/OasisNative.build/Debug-iphonesimulator/OasisNative.build/Oasis.app-Simulated.xcent /Users/jonathanluquet/CODE\ local/evasion/fastlane/snapshot-derived-data/Build/Intermediates.noindex/OasisNative.build/Debug-iphonesimulator/OasisNative.build/Oasis.app-Simulated.xcent.der (in target 'OasisNative' from project 'OasisNative')
    cd /Users/jonathanluquet/CODE\ local/evasion/ios-native
    /usr/bin/derq query -f xml -i /Users/jonathanluquet/CODE\ local/evasion/fastlane/snapshot-derived-data/Build/Intermediates.noindex/OasisNative.build/Debug-iphonesimulator/OasisNative.build/Oasis.app-Simulated.xcent -o /Users/jonathanluquet/CODE\ local/evasion/fastlane/snapshot-derived-data/Build/Intermediates.noindex/OasisNative.build/Debug-iphonesimulator/OasisNative.build/Oasis.app-Simulated.xcent.der --raw

Ld /Users/jonathanluquet/CODE\ local/evasion/fastlane/snapshot-derived-data/Build/Products/Debug-iphonesimulator/Oasis.app/Oasis.debug.dylib normal (in target 'OasisNative' from project 'OasisNative')
    cd /Users/jonathanluquet/CODE\ local/evasion/ios-native
    /Applications/Xcode.app/Contents/Developer/Toolchains/XcodeDefault.xctoolchain/usr/bin/clang -Xlinker -reproducible -target arm64-apple-ios26.0-simulator -dynamiclib -isysroot /Applications/Xcode.app/Contents/Developer/Platforms/iPhoneSimulator.platform/Developer/SDKs/iPhoneSimulator26.2.sdk -O0 -L/Users/jonathanluquet/CODE\ local/evasion/fastlane/snapshot-derived-data/Build/Intermediates.noindex/EagerLinkingTBDs/Debug-iphonesimulator -L/Users/jonathanluquet/CODE\ local/evasion/fastlane/snapshot-derived-data/Build/Products/Debug-iphonesimulator -F/Users/jonathanluquet/CODE\ local/evasion/fastlane/snapshot-derived-data/Build/Intermediates.noindex/EagerLinkingTBDs/Debug-iphonesimulator -F/Users/jonathanluquet/CODE\ local/evasion/fastlane/snapshot-derived-data/Build/Products/Debug-iphonesimulator/PackageFrameworks -F/Users/jonathanluquet/CODE\ local/evasion/fastlane/snapshot-derived-data/Build/Products/Debug-iphonesimulator/PackageFrameworks -F/Users/jonathanluquet/CODE\ local/evasion/fastlane/snapshot-derived-data/Build/Products/Debug-iphonesimulator -filelist /Users/jonathanluquet/CODE\ local/evasion/fastlane/snapshot-derived-data/Build/Intermediates.noindex/OasisNative.build/Debug-iphonesimulator/OasisNative.build/Objects-normal/arm64/Oasis.LinkFileList -install_name @rpath/Oasis.debug.dylib -Xlinker -rpath -Xlinker /Users/jonathanluquet/CODE\ local/evasion/fastlane/snapshot-derived-data/Build/Products/Debug-iphonesimulator/PackageFrameworks -Xlinker -rpath -Xlinker @executable_path/Frameworks -dead_strip -Xlinker -object_path_lto -Xlinker /Users/jonathanluquet/CODE\ local/evasion/fastlane/snapshot-derived-data/Build/Intermediates.noindex/OasisNative.build/Debug-iphonesimulator/OasisNative.build/Objects-normal/arm64/Oasis_lto.o -rdynamic -Xlinker -no_deduplicate -Xlinker -objc_abi_version -Xlinker 2 -Xlinker -dependency_info -Xlinker /Users/jonathanluquet/CODE\ local/evasion/fastlane/snapshot-derived-data/Build/Intermediates.noindex/OasisNative.build/Debug-iphonesimulator/OasisNative.build/Objects-normal/arm64/Oasis_dependency_info.dat -fobjc-link-runtime -L/Applications/Xcode.app/Contents/Developer/Toolchains/XcodeDefault.xctoolchain/usr/lib/swift/iphonesimulator -L/usr/lib/swift -Xlinker -add_ast_path -Xlinker /Users/jonathanluquet/CODE\ local/evasion/fastlane/snapshot-derived-data/Build/Intermediates.noindex/OasisNative.build/Debug-iphonesimulator/OasisNative.build/Objects-normal/arm64/Oasis.swiftmodule @/Users/jonathanluquet/CODE\ local/evasion/fastlane/snapshot-derived-data/Build/Intermediates.noindex/OasisNative.build/Debug-iphonesimulator/OasisNative.build/Objects-normal/arm64/Oasis-linker-args.resp -Wl,-no_warn_duplicate_libraries -Wl,-no_warn_duplicate_libraries -Xlinker -alias -Xlinker _main -Xlinker ___debug_main_executable_dylib_entry_point -framework Foundation -Xlinker -no_adhoc_codesign -o /Users/jonathanluquet/CODE\ local/evasion/fastlane/snapshot-derived-data/Build/Products/Debug-iphonesimulator/Oasis.app/Oasis.debug.dylib -Xlinker -add_ast_path -Xlinker /Users/jonathanluquet/CODE\ local/evasion/fastlane/snapshot-derived-data/Build/Intermediates.noindex/RevenueCat.build/Debug-iphonesimulator/RevenueCat.build/Objects-normal/arm64/RevenueCat.swiftmodule @/Users/jonathanluquet/CODE\ local/evasion/fastlane/snapshot-derived-data/Build/Intermediates.noindex/RevenueCat.build/Debug-iphonesimulator/RevenueCat.build/Objects-normal/arm64/RevenueCat-linker-args.resp -Xlinker -add_ast_path -Xlinker /Users/jonathanluquet/CODE\ local/evasion/fastlane/snapshot-derived-data/Build/Intermediates.noindex/RevenueCat.build/Debug-iphonesimulator/RevenueCatUI.build/Objects-normal/arm64/RevenueCatUI.swiftmodule @/Users/jonathanluquet/CODE\ local/evasion/fastlane/snapshot-derived-data/Build/Intermediates.noindex/RevenueCat.build/Debug-iphonesimulator/RevenueCatUI.build/Objects-normal/arm64/RevenueCatUI-linker-args.resp

ProcessProductPackaging "" /Users/jonathanluquet/CODE\ local/evasion/fastlane/snapshot-derived-data/Build/Intermediates.noindex/OasisNative.build/Debug-iphonesimulator/OasisNativeUITests.build/OasisNativeUITests.xctest-Simulated.xcent (in target 'OasisNativeUITests' from project 'OasisNative')
    cd /Users/jonathanluquet/CODE\ local/evasion/ios-native
    
    Entitlements:
    
    {
    "application-identifier" = "346GF2QVCC.com.jonathanluquet.drift.UITests.xctrunner";
    "keychain-access-groups" =     (
        "346GF2QVCC.com.jonathanluquet.drift.UITests.xctrunner"
    );
}
    
    builtin-productPackagingUtility -entitlements -format xml -o /Users/jonathanluquet/CODE\ local/evasion/fastlane/snapshot-derived-data/Build/Intermediates.noindex/OasisNative.build/Debug-iphonesimulator/OasisNativeUITests.build/OasisNativeUITests.xctest-Simulated.xcent

ProcessProductPackagingDER /Users/jonathanluquet/CODE\ local/evasion/fastlane/snapshot-derived-data/Build/Intermediates.noindex/OasisNative.build/Debug-iphonesimulator/OasisNativeUITests.build/OasisNativeUITests.xctest-Simulated.xcent /Users/jonathanluquet/CODE\ local/evasion/fastlane/snapshot-derived-data/Build/Intermediates.noindex/OasisNative.build/Debug-iphonesimulator/OasisNativeUITests.build/OasisNativeUITests.xctest-Simulated.xcent.der (in target 'OasisNativeUITests' from project 'OasisNative')
    cd /Users/jonathanluquet/CODE\ local/evasion/ios-native
    /usr/bin/derq query -f xml -i /Users/jonathanluquet/CODE\ local/evasion/fastlane/snapshot-derived-data/Build/Intermediates.noindex/OasisNative.build/Debug-iphonesimulator/OasisNativeUITests.build/OasisNativeUITests.xctest-Simulated.xcent -o /Users/jonathanluquet/CODE\ local/evasion/fastlane/snapshot-derived-data/Build/Intermediates.noindex/OasisNative.build/Debug-iphonesimulator/OasisNativeUITests.build/OasisNativeUITests.xctest-Simulated.xcent.der --raw

ProcessInfoPlistFile /Users/jonathanluquet/CODE\ local/evasion/fastlane/snapshot-derived-data/Build/Products/Debug-iphonesimulator/Oasis.app/Info.plist /Users/jonathanluquet/CODE\ local/evasion/ios-native/OasisNative/Support/Info.plist (in target 'OasisNative' from project 'OasisNative')
    cd /Users/jonathanluquet/CODE\ local/evasion/ios-native
    builtin-infoPlistUtility /Users/jonathanluquet/CODE\ local/evasion/ios-native/OasisNative/Support/Info.plist -producttype com.apple.product-type.application -genpkginfo /Users/jonathanluquet/CODE\ local/evasion/fastlane/snapshot-derived-data/Build/Products/Debug-iphonesimulator/Oasis.app/PkgInfo -expandbuildsettings -format binary -platform iphonesimulator -additionalcontentfile /Users/jonathanluquet/CODE\ local/evasion/fastlane/snapshot-derived-data/Build/Intermediates.noindex/OasisNative.build/Debug-iphonesimulator/OasisNative.build/assetcatalog_generated_info.plist -scanforprivacyfile /Users/jonathanluquet/CODE\ local/evasion/fastlane/snapshot-derived-data/Build/Products/Debug-iphonesimulator/Oasis.app/RevenueCat_RevenueCat.bundle -scanforprivacyfile /Users/jonathanluquet/CODE\ local/evasion/fastlane/snapshot-derived-data/Build/Products/Debug-iphonesimulator/Oasis.app/RevenueCat_RevenueCatUI.bundle -o /Users/jonathanluquet/CODE\ local/evasion/fastlane/snapshot-derived-data/Build/Products/Debug-iphonesimulator/Oasis.app/Info.plist

SwiftDriver OasisNativeUITests normal arm64 com.apple.xcode.tools.swift.compiler (in target 'OasisNativeUITests' from project 'OasisNative')
    cd /Users/jonathanluquet/CODE\ local/evasion/ios-native
    builtin-SwiftDriver -- /Applications/Xcode.app/Contents/Developer/Toolchains/XcodeDefault.xctoolchain/usr/bin/swiftc -module-name OasisNativeUITests -Onone -enforce-exclusivity\=checked @/Users/jonathanluquet/CODE\ local/evasion/fastlane/snapshot-derived-data/Build/Intermediates.noindex/OasisNative.build/Debug-iphonesimulator/OasisNativeUITests.build/Objects-normal/arm64/OasisNativeUITests.SwiftFileList -DDEBUG -module-alias Testing\=_Testing_Unavailable -plugin-path /Applications/Xcode.app/Contents/Developer/Toolchains/XcodeDefault.xctoolchain/usr/lib/swift/host/plugins/testing -enable-experimental-feature DebugDescriptionMacro -sdk /Applications/Xcode.app/Contents/Developer/Platforms/iPhoneSimulator.platform/Developer/SDKs/iPhoneSimulator26.2.sdk -target arm64-apple-ios26.0-simulator -g -module-cache-path /Users/jonathanluquet/CODE\ local/evasion/fastlane/snapshot-derived-data/ModuleCache.noindex -Xfrontend -serialize-debugging-options -enable-testing -index-store-path /Users/jonathanluquet/CODE\ local/evasion/fastlane/snapshot-derived-data/Index.noindex/DataStore -Xcc -D_LIBCPP_HARDENING_MODE\=_LIBCPP_HARDENING_MODE_DEBUG -swift-version 6 -I /Users/jonathanluquet/CODE\ local/evasion/fastlane/snapshot-derived-data/Build/Products/Debug-iphonesimulator -Isystem /Applications/Xcode.app/Contents/Developer/Platforms/iPhoneSimulator.platform/Developer/usr/lib -F /Users/jonathanluquet/CODE\ local/evasion/fastlane/snapshot-derived-data/Build/Products/Debug-iphonesimulator -F /Applications/Xcode.app/Contents/Developer/Platforms/iPhoneSimulator.platform/Developer/Library/Frameworks -F /Applications/Xcode.app/Contents/Developer/Platforms/iPhoneSimulator.platform/Developer/SDKs/iPhoneSimulator26.2.sdk/Developer/Library/Frameworks -c -j10 -enable-batch-mode -incremental -Xcc -ivfsstatcache -Xcc /Users/jonathanluquet/CODE\ local/evasion/fastlane/snapshot-derived-data/SDKStatCaches.noindex/iphonesimulator26.2-23C53-dc75598d0054f22ec865fa860f139d727d00a8b37fbd7999ea79df8ebc024bf0.sdkstatcache -output-file-map /Users/jonathanluquet/CODE\ local/evasion/fastlane/snapshot-derived-data/Build/Intermediates.noindex/OasisNative.build/Debug-iphonesimulator/OasisNativeUITests.build/Objects-normal/arm64/OasisNativeUITests-OutputFileMap.json -use-frontend-parseable-output -save-temps -no-color-diagnostics -explicit-module-build -module-cache-path /Users/jonathanluquet/CODE\ local/evasion/fastlane/snapshot-derived-data/Build/Intermediates.noindex/SwiftExplicitPrecompiledModules -clang-scanner-module-cache-path /Users/jonathanluquet/CODE\ local/evasion/fastlane/snapshot-derived-data/ModuleCache.noindex -sdk-module-cache-path /Users/jonathanluquet/CODE\ local/evasion/fastlane/snapshot-derived-data/ModuleCache.noindex -serialize-diagnostics -emit-dependencies -emit-module -emit-module-path /Users/jonathanluquet/CODE\ local/evasion/fastlane/snapshot-derived-data/Build/Intermediates.noindex/OasisNative.build/Debug-iphonesimulator/OasisNativeUITests.build/Objects-normal/arm64/OasisNativeUITests.swiftmodule -validate-clang-modules-once -clang-build-session-file /Users/jonathanluquet/CODE\ local/evasion/fastlane/snapshot-derived-data/ModuleCache.noindex/Session.modulevalidation -Xcc -I/Users/jonathanluquet/CODE\ local/evasion/fastlane/snapshot-derived-data/Build/Intermediates.noindex/OasisNative.build/Debug-iphonesimulator/OasisNativeUITests.build/swift-overrides.hmap -emit-const-values -Xfrontend -const-gather-protocols-file -Xfrontend /Users/jonathanluquet/CODE\ local/evasion/fastlane/snapshot-derived-data/Build/Intermediates.noindex/OasisNative.build/Debug-iphonesimulator/OasisNativeUITests.build/Objects-normal/arm64/OasisNativeUITests_const_extract_protocols.json -Xcc -iquote -Xcc /Users/jonathanluquet/CODE\ local/evasion/fastlane/snapshot-derived-data/Build/Intermediates.noindex/OasisNative.build/Debug-iphonesimulator/OasisNativeUITests.build/OasisNativeUITests-generated-files.hmap -Xcc -I/Users/jonathanluquet/CODE\ local/evasion/fastlane/snapshot-derived-data/Build/Intermediates.noindex/OasisNative.build/Debug-iphonesimulator/OasisNativeUITests.build/OasisNativeUITests-own-target-headers.hmap -Xcc -I/Users/jonathanluquet/CODE\ local/evasion/fastlane/snapshot-derived-data/Build/Intermediates.noindex/OasisNative.build/Debug-iphonesimulator/OasisNativeUITests.build/OasisNativeUITests-all-non-framework-target-headers.hmap -Xcc -ivfsoverlay -Xcc /Users/jonathanluquet/CODE\ local/evasion/fastlane/snapshot-derived-data/Build/Intermediates.noindex/OasisNative.build/Debug-iphonesimulator/OasisNative-96ed7fbd8a27391edb33333a1c065291-VFS-iphonesimulator/all-product-headers.yaml -Xcc -iquote -Xcc /Users/jonathanluquet/CODE\ local/evasion/fastlane/snapshot-derived-data/Build/Intermediates.noindex/OasisNative.build/Debug-iphonesimulator/OasisNativeUITests.build/OasisNativeUITests-project-headers.hmap -Xcc -I/Users/jonathanluquet/CODE\ local/evasion/fastlane/snapshot-derived-data/Build/Products/Debug-iphonesimulator/include -Xcc -I/Users/jonathanluquet/CODE\ local/evasion/fastlane/snapshot-derived-data/Build/Intermediates.noindex/OasisNative.build/Debug-iphonesimulator/OasisNativeUITests.build/DerivedSources-normal/arm64 -Xcc -I/Users/jonathanluquet/CODE\ local/evasion/fastlane/snapshot-derived-data/Build/Intermediates.noindex/OasisNative.build/Debug-iphonesimulator/OasisNativeUITests.build/DerivedSources/arm64 -Xcc -I/Users/jonathanluquet/CODE\ local/evasion/fastlane/snapshot-derived-data/Build/Intermediates.noindex/OasisNative.build/Debug-iphonesimulator/OasisNativeUITests.build/DerivedSources -Xcc -DDEBUG\=1 -emit-objc-header -emit-objc-header-path /Users/jonathanluquet/CODE\ local/evasion/fastlane/snapshot-derived-data/Build/Intermediates.noindex/OasisNative.build/Debug-iphonesimulator/OasisNativeUITests.build/Objects-normal/arm64/OasisNativeUITests-Swift.h -working-directory /Users/jonathanluquet/CODE\ local/evasion/ios-native -experimental-emit-module-separately -disable-cmo

SwiftEmitModule normal arm64 Emitting\ module\ for\ OasisNativeUITests (in target 'OasisNativeUITests' from project 'OasisNative')

EmitSwiftModule normal arm64 (in target 'OasisNativeUITests' from project 'OasisNative')
    cd /Users/jonathanluquet/CODE\ local/evasion/ios-native
    

SwiftCompile normal arm64 Compiling\ SnapshotHelper.swift /Users/jonathanluquet/CODE\ local/evasion/ios-native/OasisNativeUITests/SnapshotHelper.swift (in target 'OasisNativeUITests' from project 'OasisNative')
SwiftCompile normal arm64 /Users/jonathanluquet/CODE\ local/evasion/ios-native/OasisNativeUITests/SnapshotHelper.swift (in target 'OasisNativeUITests' from project 'OasisNative')
    cd /Users/jonathanluquet/CODE\ local/evasion/ios-native
    

SwiftCompile normal arm64 Compiling\ OasisNativeScreenshots.swift /Users/jonathanluquet/CODE\ local/evasion/ios-native/OasisNativeUITests/OasisNativeScreenshots.swift (in target 'OasisNativeUITests' from project 'OasisNative')

SwiftCompile normal arm64 /Users/jonathanluquet/CODE\ local/evasion/ios-native/OasisNativeUITests/OasisNativeScreenshots.swift (in target 'OasisNativeUITests' from project 'OasisNative')
    cd /Users/jonathanluquet/CODE\ local/evasion/ios-native
    

ConstructStubExecutorLinkFileList /Users/jonathanluquet/CODE\ local/evasion/fastlane/snapshot-derived-data/Build/Intermediates.noindex/OasisNative.build/Debug-iphonesimulator/OasisNative.build/Oasis-ExecutorLinkFileList-normal-arm64.txt (in target 'OasisNative' from project 'OasisNative')
    cd /Users/jonathanluquet/CODE\ local/evasion/ios-native
    construct-stub-executor-link-file-list /Users/jonathanluquet/CODE\ local/evasion/fastlane/snapshot-derived-data/Build/Products/Debug-iphonesimulator/Oasis.app/Oasis.debug.dylib /Applications/Xcode.app/Contents/Developer/Platforms/iPhoneSimulator.platform/Developer/usr/lib/libPreviewsJITStubExecutor_no_swift_entry_point.a /Applications/Xcode.app/Contents/Developer/Platforms/iPhoneSimulator.platform/Developer/usr/lib/libPreviewsJITStubExecutor.a --output /Users/jonathanluquet/CODE\ local/evasion/fastlane/snapshot-derived-data/Build/Intermediates.noindex/OasisNative.build/Debug-iphonesimulator/OasisNative.build/Oasis-ExecutorLinkFileList-normal-arm64.txt
note: Using stub executor library with Swift entry point. (in target 'OasisNative' from project 'OasisNative')

Ld /Users/jonathanluquet/CODE\ local/evasion/fastlane/snapshot-derived-data/Build/Products/Debug-iphonesimulator/Oasis.app/Oasis normal (in target 'OasisNative' from project 'OasisNative')
    cd /Users/jonathanluquet/CODE\ local/evasion/ios-native
    /Applications/Xcode.app/Contents/Developer/Toolchains/XcodeDefault.xctoolchain/usr/bin/clang -Xlinker -reproducible -target arm64-apple-ios26.0-simulator -isysroot /Applications/Xcode.app/Contents/Developer/Platforms/iPhoneSimulator.platform/Developer/SDKs/iPhoneSimulator26.2.sdk -O0 -L/Users/jonathanluquet/CODE\ local/evasion/fastlane/snapshot-derived-data/Build/Products/Debug-iphonesimulator -F/Users/jonathanluquet/CODE\ local/evasion/fastlane/snapshot-derived-data/Build/Products/Debug-iphonesimulator/PackageFrameworks -F/Users/jonathanluquet/CODE\ local/evasion/fastlane/snapshot-derived-data/Build/Products/Debug-iphonesimulator/PackageFrameworks -F/Users/jonathanluquet/CODE\ local/evasion/fastlane/snapshot-derived-data/Build/Products/Debug-iphonesimulator -Xlinker -rpath -Xlinker @executable_path -Xlinker -rpath -Xlinker /Users/jonathanluquet/CODE\ local/evasion/fastlane/snapshot-derived-data/Build/Products/Debug-iphonesimulator/PackageFrameworks -Xlinker -rpath -Xlinker @executable_path/Frameworks -rdynamic -Xlinker -no_deduplicate -Xlinker -objc_abi_version -Xlinker 2 -e ___debug_blank_executor_main -Xlinker -sectcreate -Xlinker __TEXT -Xlinker __debug_dylib -Xlinker /Users/jonathanluquet/CODE\ local/evasion/fastlane/snapshot-derived-data/Build/Intermediates.noindex/OasisNative.build/Debug-iphonesimulator/OasisNative.build/Oasis-DebugDylibPath-normal-arm64.txt -Xlinker -sectcreate -Xlinker __TEXT -Xlinker __debug_instlnm -Xlinker /Users/jonathanluquet/CODE\ local/evasion/fastlane/snapshot-derived-data/Build/Intermediates.noindex/OasisNative.build/Debug-iphonesimulator/OasisNative.build/Oasis-DebugDylibInstallName-normal-arm64.txt -Xlinker -filelist -Xlinker /Users/jonathanluquet/CODE\ local/evasion/fastlane/snapshot-derived-data/Build/Intermediates.noindex/OasisNative.build/Debug-iphonesimulator/OasisNative.build/Oasis-ExecutorLinkFileList-normal-arm64.txt -Xlinker -sectcreate -Xlinker __TEXT -Xlinker __entitlements -Xlinker /Users/jonathanluquet/CODE\ local/evasion/fastlane/snapshot-derived-data/Build/Intermediates.noindex/OasisNative.build/Debug-iphonesimulator/OasisNative.build/Oasis.app-Simulated.xcent -Xlinker -sectcreate -Xlinker __TEXT -Xlinker __ents_der -Xlinker /Users/jonathanluquet/CODE\ local/evasion/fastlane/snapshot-derived-data/Build/Intermediates.noindex/OasisNative.build/Debug-iphonesimulator/OasisNative.build/Oasis.app-Simulated.xcent.der /Users/jonathanluquet/CODE\ local/evasion/fastlane/snapshot-derived-data/Build/Products/Debug-iphonesimulator/Oasis.app/Oasis.debug.dylib -Xlinker -no_adhoc_codesign -o /Users/jonathanluquet/CODE\ local/evasion/fastlane/snapshot-derived-data/Build/Products/Debug-iphonesimulator/Oasis.app/Oasis

ExtractAppIntentsMetadata (in target 'OasisNative' from project 'OasisNative')
    cd /Users/jonathanluquet/CODE\ local/evasion/ios-native
    /Applications/Xcode.app/Contents/Developer/Toolchains/XcodeDefault.xctoolchain/usr/bin/appintentsmetadataprocessor --toolchain-dir /var/run/com.apple.security.cryptexd/mnt/com.apple.MobileAsset.MetalToolchain-v17.3.7003.10.pEtMZB/Metal.xctoolchain --module-name Oasis --sdk-root /Applications/Xcode.app/Contents/Developer/Platforms/iPhoneSimulator.platform/Developer/SDKs/iPhoneSimulator26.2.sdk --xcode-version 17C52 --platform-family iOS --deployment-target 26.0 --bundle-identifier com.jonathanluquet.drift --output /Users/jonathanluquet/CODE\ local/evasion/fastlane/snapshot-derived-data/Build/Products/Debug-iphonesimulator/Oasis.app --target-triple arm64-apple-ios26.0-simulator --binary-file /Users/jonathanluquet/CODE\ local/evasion/fastlane/snapshot-derived-data/Build/Products/Debug-iphonesimulator/Oasis.app/Oasis --dependency-file /Users/jonathanluquet/CODE\ local/evasion/fastlane/snapshot-derived-data/Build/Intermediates.noindex/OasisNative.build/Debug-iphonesimulator/OasisNative.build/Objects-normal/arm64/Oasis_dependency_info.dat --stringsdata-file /Users/jonathanluquet/CODE\ local/evasion/fastlane/snapshot-derived-data/Build/Intermediates.noindex/OasisNative.build/Debug-iphonesimulator/OasisNative.build/Objects-normal/arm64/ExtractedAppShortcutsMetadata.stringsdata --source-file-list /Users/jonathanluquet/CODE\ local/evasion/fastlane/snapshot-derived-data/Build/Intermediates.noindex/OasisNative.build/Debug-iphonesimulator/OasisNative.build/Objects-normal/arm64/Oasis.SwiftFileList --metadata-file-list /Users/jonathanluquet/CODE\ local/evasion/fastlane/snapshot-derived-data/Build/Intermediates.noindex/OasisNative.build/Debug-iphonesimulator/OasisNative.build/Oasis.DependencyMetadataFileList --static-metadata-file-list /Users/jonathanluquet/CODE\ local/evasion/fastlane/snapshot-derived-data/Build/Intermediates.noindex/OasisNative.build/Debug-iphonesimulator/OasisNative.build/Oasis.DependencyStaticMetadataFileList --swift-const-vals-list /Users/jonathanluquet/CODE\ local/evasion/fastlane/snapshot-derived-data/Build/Intermediates.noindex/OasisNative.build/Debug-iphonesimulator/OasisNative.build/Objects-normal/arm64/Oasis.SwiftConstValuesFileList --compile-time-extraction --deployment-aware-processing --validate-assistant-intents --no-app-shortcuts-localization
2026-03-13 13:34:51.418 appintentsmetadataprocessor[31457:24833360] Starting appintentsmetadataprocessor export
2026-03-13 13:34:51.425 appintentsmetadataprocessor[31457:24833360] warning: Metadata extraction skipped. No AppIntents.framework dependency found.

CopySwiftLibs /Users/jonathanluquet/CODE\ local/evasion/fastlane/snapshot-derived-data/Build/Products/Debug-iphonesimulator/Oasis.app (in target 'OasisNative' from project 'OasisNative')
    cd /Users/jonathanluquet/CODE\ local/evasion/ios-native
    builtin-swiftStdLibTool --copy --verbose --sign - --scan-executable /Users/jonathanluquet/CODE\ local/evasion/fastlane/snapshot-derived-data/Build/Products/Debug-iphonesimulator/Oasis.app/Oasis.debug.dylib --scan-folder /Users/jonathanluquet/CODE\ local/evasion/fastlane/snapshot-derived-data/Build/Products/Debug-iphonesimulator/Oasis.app/Frameworks --scan-folder /Users/jonathanluquet/CODE\ local/evasion/fastlane/snapshot-derived-data/Build/Products/Debug-iphonesimulator/Oasis.app/PlugIns --scan-folder /Users/jonathanluquet/CODE\ local/evasion/fastlane/snapshot-derived-data/Build/Products/Debug-iphonesimulator/Oasis.app/SystemExtensions --scan-folder /Users/jonathanluquet/CODE\ local/evasion/fastlane/snapshot-derived-data/Build/Products/Debug-iphonesimulator/Oasis.app/Extensions --scan-folder /Applications/Xcode.app/Contents/Developer/Platforms/iPhoneOS.platform/Developer/SDKs/iPhoneOS18.0.sdk/System/Library/Frameworks/Foundation.framework --platform iphonesimulator --toolchain /var/run/com.apple.security.cryptexd/mnt/com.apple.MobileAsset.MetalToolchain-v17.3.7003.10.pEtMZB/Metal.xctoolchain --toolchain /Applications/Xcode.app/Contents/Developer/Toolchains/XcodeDefault.xctoolchain --destination /Users/jonathanluquet/CODE\ local/evasion/fastlane/snapshot-derived-data/Build/Products/Debug-iphonesimulator/Oasis.app/Frameworks --strip-bitcode --strip-bitcode-tool /Applications/Xcode.app/Contents/Developer/Toolchains/XcodeDefault.xctoolchain/usr/bin/bitcode_strip --emit-dependency-info /Users/jonathanluquet/CODE\ local/evasion/fastlane/snapshot-derived-data/Build/Intermediates.noindex/OasisNative.build/Debug-iphonesimulator/OasisNative.build/SwiftStdLibToolInputDependencies.dep --filter-for-swift-os

CodeSign /Users/jonathanluquet/CODE\ local/evasion/fastlane/snapshot-derived-data/Build/Products/Debug-iphonesimulator/Oasis.app/Oasis.debug.dylib (in target 'OasisNative' from project 'OasisNative')
    cd /Users/jonathanluquet/CODE\ local/evasion/ios-native
    
    Signing Identity:     "Sign to Run Locally"
    
    /usr/bin/codesign --force --sign - --timestamp\=none --generate-entitlement-der /Users/jonathanluquet/CODE\ local/evasion/fastlane/snapshot-derived-data/Build/Products/Debug-iphonesimulator/Oasis.app/Oasis.debug.dylib

CodeSign /Users/jonathanluquet/CODE\ local/evasion/fastlane/snapshot-derived-data/Build/Products/Debug-iphonesimulator/Oasis.app (in target 'OasisNative' from project 'OasisNative')
    cd /Users/jonathanluquet/CODE\ local/evasion/ios-native
    
    Signing Identity:     "Sign to Run Locally"
    
    /usr/bin/codesign --force --sign - --timestamp\=none --generate-entitlement-der /Users/jonathanluquet/CODE\ local/evasion/fastlane/snapshot-derived-data/Build/Products/Debug-iphonesimulator/Oasis.app

SwiftDriverJobDiscovery normal arm64 Emitting module for OasisNativeUITests (in target 'OasisNativeUITests' from project 'OasisNative')

SwiftDriverJobDiscovery normal arm64 Compiling OasisNativeScreenshots.swift (in target 'OasisNativeUITests' from project 'OasisNative')

SwiftDriver\ Compilation\ Requirements OasisNativeUITests normal arm64 com.apple.xcode.tools.swift.compiler (in target 'OasisNativeUITests' from project 'OasisNative')
    cd /Users/jonathanluquet/CODE\ local/evasion/ios-native
    builtin-Swift-Compilation-Requirements -- /Applications/Xcode.app/Contents/Developer/Toolchains/XcodeDefault.xctoolchain/usr/bin/swiftc -module-name OasisNativeUITests -Onone -enforce-exclusivity\=checked @/Users/jonathanluquet/CODE\ local/evasion/fastlane/snapshot-derived-data/Build/Intermediates.noindex/OasisNative.build/Debug-iphonesimulator/OasisNativeUITests.build/Objects-normal/arm64/OasisNativeUITests.SwiftFileList -DDEBUG -module-alias Testing\=_Testing_Unavailable -plugin-path /Applications/Xcode.app/Contents/Developer/Toolchains/XcodeDefault.xctoolchain/usr/lib/swift/host/plugins/testing -enable-experimental-feature DebugDescriptionMacro -sdk /Applications/Xcode.app/Contents/Developer/Platforms/iPhoneSimulator.platform/Developer/SDKs/iPhoneSimulator26.2.sdk -target arm64-apple-ios26.0-simulator -g -module-cache-path /Users/jonathanluquet/CODE\ local/evasion/fastlane/snapshot-derived-data/ModuleCache.noindex -Xfrontend -serialize-debugging-options -enable-testing -index-store-path /Users/jonathanluquet/CODE\ local/evasion/fastlane/snapshot-derived-data/Index.noindex/DataStore -Xcc -D_LIBCPP_HARDENING_MODE\=_LIBCPP_HARDENING_MODE_DEBUG -swift-version 6 -I /Users/jonathanluquet/CODE\ local/evasion/fastlane/snapshot-derived-data/Build/Products/Debug-iphonesimulator -Isystem /Applications/Xcode.app/Contents/Developer/Platforms/iPhoneSimulator.platform/Developer/usr/lib -F /Users/jonathanluquet/CODE\ local/evasion/fastlane/snapshot-derived-data/Build/Products/Debug-iphonesimulator -F /Applications/Xcode.app/Contents/Developer/Platforms/iPhoneSimulator.platform/Developer/Library/Frameworks -F /Applications/Xcode.app/Contents/Developer/Platforms/iPhoneSimulator.platform/Developer/SDKs/iPhoneSimulator26.2.sdk/Developer/Library/Frameworks -c -j10 -enable-batch-mode -incremental -Xcc -ivfsstatcache -Xcc /Users/jonathanluquet/CODE\ local/evasion/fastlane/snapshot-derived-data/SDKStatCaches.noindex/iphonesimulator26.2-23C53-dc75598d0054f22ec865fa860f139d727d00a8b37fbd7999ea79df8ebc024bf0.sdkstatcache -output-file-map /Users/jonathanluquet/CODE\ local/evasion/fastlane/snapshot-derived-data/Build/Intermediates.noindex/OasisNative.build/Debug-iphonesimulator/OasisNativeUITests.build/Objects-normal/arm64/OasisNativeUITests-OutputFileMap.json -use-frontend-parseable-output -save-temps -no-color-diagnostics -explicit-module-build -module-cache-path /Users/jonathanluquet/CODE\ local/evasion/fastlane/snapshot-derived-data/Build/Intermediates.noindex/SwiftExplicitPrecompiledModules -clang-scanner-module-cache-path /Users/jonathanluquet/CODE\ local/evasion/fastlane/snapshot-derived-data/ModuleCache.noindex -sdk-module-cache-path /Users/jonathanluquet/CODE\ local/evasion/fastlane/snapshot-derived-data/ModuleCache.noindex -serialize-diagnostics -emit-dependencies -emit-module -emit-module-path /Users/jonathanluquet/CODE\ local/evasion/fastlane/snapshot-derived-data/Build/Intermediates.noindex/OasisNative.build/Debug-iphonesimulator/OasisNativeUITests.build/Objects-normal/arm64/OasisNativeUITests.swiftmodule -validate-clang-modules-once -clang-build-session-file /Users/jonathanluquet/CODE\ local/evasion/fastlane/snapshot-derived-data/ModuleCache.noindex/Session.modulevalidation -Xcc -I/Users/jonathanluquet/CODE\ local/evasion/fastlane/snapshot-derived-data/Build/Intermediates.noindex/OasisNative.build/Debug-iphonesimulator/OasisNativeUITests.build/swift-overrides.hmap -emit-const-values -Xfrontend -const-gather-protocols-file -Xfrontend /Users/jonathanluquet/CODE\ local/evasion/fastlane/snapshot-derived-data/Build/Intermediates.noindex/OasisNative.build/Debug-iphonesimulator/OasisNativeUITests.build/Objects-normal/arm64/OasisNativeUITests_const_extract_protocols.json -Xcc -iquote -Xcc /Users/jonathanluquet/CODE\ local/evasion/fastlane/snapshot-derived-data/Build/Intermediates.noindex/OasisNative.build/Debug-iphonesimulator/OasisNativeUITests.build/OasisNativeUITests-generated-files.hmap -Xcc -I/Users/jonathanluquet/CODE\ local/evasion/fastlane/snapshot-derived-data/Build/Intermediates.noindex/OasisNative.build/Debug-iphonesimulator/OasisNativeUITests.build/OasisNativeUITests-own-target-headers.hmap -Xcc -I/Users/jonathanluquet/CODE\ local/evasion/fastlane/snapshot-derived-data/Build/Intermediates.noindex/OasisNative.build/Debug-iphonesimulator/OasisNativeUITests.build/OasisNativeUITests-all-non-framework-target-headers.hmap -Xcc -ivfsoverlay -Xcc /Users/jonathanluquet/CODE\ local/evasion/fastlane/snapshot-derived-data/Build/Intermediates.noindex/OasisNative.build/Debug-iphonesimulator/OasisNative-96ed7fbd8a27391edb33333a1c065291-VFS-iphonesimulator/all-product-headers.yaml -Xcc -iquote -Xcc /Users/jonathanluquet/CODE\ local/evasion/fastlane/snapshot-derived-data/Build/Intermediates.noindex/OasisNative.build/Debug-iphonesimulator/OasisNativeUITests.build/OasisNativeUITests-project-headers.hmap -Xcc -I/Users/jonathanluquet/CODE\ local/evasion/fastlane/snapshot-derived-data/Build/Products/Debug-iphonesimulator/include -Xcc -I/Users/jonathanluquet/CODE\ local/evasion/fastlane/snapshot-derived-data/Build/Intermediates.noindex/OasisNative.build/Debug-iphonesimulator/OasisNativeUITests.build/DerivedSources-normal/arm64 -Xcc -I/Users/jonathanluquet/CODE\ local/evasion/fastlane/snapshot-derived-data/Build/Intermediates.noindex/OasisNative.build/Debug-iphonesimulator/OasisNativeUITests.build/DerivedSources/arm64 -Xcc -I/Users/jonathanluquet/CODE\ local/evasion/fastlane/snapshot-derived-data/Build/Intermediates.noindex/OasisNative.build/Debug-iphonesimulator/OasisNativeUITests.build/DerivedSources -Xcc -DDEBUG\=1 -emit-objc-header -emit-objc-header-path /Users/jonathanluquet/CODE\ local/evasion/fastlane/snapshot-derived-data/Build/Intermediates.noindex/OasisNative.build/Debug-iphonesimulator/OasisNativeUITests.build/Objects-normal/arm64/OasisNativeUITests-Swift.h -working-directory /Users/jonathanluquet/CODE\ local/evasion/ios-native -experimental-emit-module-separately -disable-cmo

Copy /Users/jonathanluquet/CODE\ local/evasion/fastlane/snapshot-derived-data/Build/Products/Debug-iphonesimulator/OasisNativeUITests.swiftmodule/arm64-apple-ios-simulator.swiftmodule /Users/jonathanluquet/CODE\ local/evasion/fastlane/snapshot-derived-data/Build/Intermediates.noindex/OasisNative.build/Debug-iphonesimulator/OasisNativeUITests.build/Objects-normal/arm64/OasisNativeUITests.swiftmodule (in target 'OasisNativeUITests' from project 'OasisNative')
    cd /Users/jonathanluquet/CODE\ local/evasion/ios-native
    builtin-copy -exclude .DS_Store -exclude CVS -exclude .svn -exclude .git -exclude .hg -resolve-src-symlinks -rename /Users/jonathanluquet/CODE\ local/evasion/fastlane/snapshot-derived-data/Build/Intermediates.noindex/OasisNative.build/Debug-iphonesimulator/OasisNativeUITests.build/Objects-normal/arm64/OasisNativeUITests.swiftmodule /Users/jonathanluquet/CODE\ local/evasion/fastlane/snapshot-derived-data/Build/Products/Debug-iphonesimulator/OasisNativeUITests.swiftmodule/arm64-apple-ios-simulator.swiftmodule

Copy /Users/jonathanluquet/CODE\ local/evasion/fastlane/snapshot-derived-data/Build/Products/Debug-iphonesimulator/OasisNativeUITests.swiftmodule/arm64-apple-ios-simulator.abi.json /Users/jonathanluquet/CODE\ local/evasion/fastlane/snapshot-derived-data/Build/Intermediates.noindex/OasisNative.build/Debug-iphonesimulator/OasisNativeUITests.build/Objects-normal/arm64/OasisNativeUITests.abi.json (in target 'OasisNativeUITests' from project 'OasisNative')
    cd /Users/jonathanluquet/CODE\ local/evasion/ios-native
    builtin-copy -exclude .DS_Store -exclude CVS -exclude .svn -exclude .git -exclude .hg -resolve-src-symlinks -rename /Users/jonathanluquet/CODE\ local/evasion/fastlane/snapshot-derived-data/Build/Intermediates.noindex/OasisNative.build/Debug-iphonesimulator/OasisNativeUITests.build/Objects-normal/arm64/OasisNativeUITests.abi.json /Users/jonathanluquet/CODE\ local/evasion/fastlane/snapshot-derived-data/Build/Products/Debug-iphonesimulator/OasisNativeUITests.swiftmodule/arm64-apple-ios-simulator.abi.json

Copy /Users/jonathanluquet/CODE\ local/evasion/fastlane/snapshot-derived-data/Build/Products/Debug-iphonesimulator/OasisNativeUITests.swiftmodule/Project/arm64-apple-ios-simulator.swiftsourceinfo /Users/jonathanluquet/CODE\ local/evasion/fastlane/snapshot-derived-data/Build/Intermediates.noindex/OasisNative.build/Debug-iphonesimulator/OasisNativeUITests.build/Objects-normal/arm64/OasisNativeUITests.swiftsourceinfo (in target 'OasisNativeUITests' from project 'OasisNative')
    cd /Users/jonathanluquet/CODE\ local/evasion/ios-native
    builtin-copy -exclude .DS_Store -exclude CVS -exclude .svn -exclude .git -exclude .hg -resolve-src-symlinks -rename /Users/jonathanluquet/CODE\ local/evasion/fastlane/snapshot-derived-data/Build/Intermediates.noindex/OasisNative.build/Debug-iphonesimulator/OasisNativeUITests.build/Objects-normal/arm64/OasisNativeUITests.swiftsourceinfo /Users/jonathanluquet/CODE\ local/evasion/fastlane/snapshot-derived-data/Build/Products/Debug-iphonesimulator/OasisNativeUITests.swiftmodule/Project/arm64-apple-ios-simulator.swiftsourceinfo

SwiftDriverJobDiscovery normal arm64 Compiling SnapshotHelper.swift (in target 'OasisNativeUITests' from project 'OasisNative')

SwiftDriver\ Compilation OasisNativeUITests normal arm64 com.apple.xcode.tools.swift.compiler (in target 'OasisNativeUITests' from project 'OasisNative')
    cd /Users/jonathanluquet/CODE\ local/evasion/ios-native
    builtin-Swift-Compilation -- /Applications/Xcode.app/Contents/Developer/Toolchains/XcodeDefault.xctoolchain/usr/bin/swiftc -module-name OasisNativeUITests -Onone -enforce-exclusivity\=checked @/Users/jonathanluquet/CODE\ local/evasion/fastlane/snapshot-derived-data/Build/Intermediates.noindex/OasisNative.build/Debug-iphonesimulator/OasisNativeUITests.build/Objects-normal/arm64/OasisNativeUITests.SwiftFileList -DDEBUG -module-alias Testing\=_Testing_Unavailable -plugin-path /Applications/Xcode.app/Contents/Developer/Toolchains/XcodeDefault.xctoolchain/usr/lib/swift/host/plugins/testing -enable-experimental-feature DebugDescriptionMacro -sdk /Applications/Xcode.app/Contents/Developer/Platforms/iPhoneSimulator.platform/Developer/SDKs/iPhoneSimulator26.2.sdk -target arm64-apple-ios26.0-simulator -g -module-cache-path /Users/jonathanluquet/CODE\ local/evasion/fastlane/snapshot-derived-data/ModuleCache.noindex -Xfrontend -serialize-debugging-options -enable-testing -index-store-path /Users/jonathanluquet/CODE\ local/evasion/fastlane/snapshot-derived-data/Index.noindex/DataStore -Xcc -D_LIBCPP_HARDENING_MODE\=_LIBCPP_HARDENING_MODE_DEBUG -swift-version 6 -I /Users/jonathanluquet/CODE\ local/evasion/fastlane/snapshot-derived-data/Build/Products/Debug-iphonesimulator -Isystem /Applications/Xcode.app/Contents/Developer/Platforms/iPhoneSimulator.platform/Developer/usr/lib -F /Users/jonathanluquet/CODE\ local/evasion/fastlane/snapshot-derived-data/Build/Products/Debug-iphonesimulator -F /Applications/Xcode.app/Contents/Developer/Platforms/iPhoneSimulator.platform/Developer/Library/Frameworks -F /Applications/Xcode.app/Contents/Developer/Platforms/iPhoneSimulator.platform/Developer/SDKs/iPhoneSimulator26.2.sdk/Developer/Library/Frameworks -c -j10 -enable-batch-mode -incremental -Xcc -ivfsstatcache -Xcc /Users/jonathanluquet/CODE\ local/evasion/fastlane/snapshot-derived-data/SDKStatCaches.noindex/iphonesimulator26.2-23C53-dc75598d0054f22ec865fa860f139d727d00a8b37fbd7999ea79df8ebc024bf0.sdkstatcache -output-file-map /Users/jonathanluquet/CODE\ local/evasion/fastlane/snapshot-derived-data/Build/Intermediates.noindex/OasisNative.build/Debug-iphonesimulator/OasisNativeUITests.build/Objects-normal/arm64/OasisNativeUITests-OutputFileMap.json -use-frontend-parseable-output -save-temps -no-color-diagnostics -explicit-module-build -module-cache-path /Users/jonathanluquet/CODE\ local/evasion/fastlane/snapshot-derived-data/Build/Intermediates.noindex/SwiftExplicitPrecompiledModules -clang-scanner-module-cache-path /Users/jonathanluquet/CODE\ local/evasion/fastlane/snapshot-derived-data/ModuleCache.noindex -sdk-module-cache-path /Users/jonathanluquet/CODE\ local/evasion/fastlane/snapshot-derived-data/ModuleCache.noindex -serialize-diagnostics -emit-dependencies -emit-module -emit-module-path /Users/jonathanluquet/CODE\ local/evasion/fastlane/snapshot-derived-data/Build/Intermediates.noindex/OasisNative.build/Debug-iphonesimulator/OasisNativeUITests.build/Objects-normal/arm64/OasisNativeUITests.swiftmodule -validate-clang-modules-once -clang-build-session-file /Users/jonathanluquet/CODE\ local/evasion/fastlane/snapshot-derived-data/ModuleCache.noindex/Session.modulevalidation -Xcc -I/Users/jonathanluquet/CODE\ local/evasion/fastlane/snapshot-derived-data/Build/Intermediates.noindex/OasisNative.build/Debug-iphonesimulator/OasisNativeUITests.build/swift-overrides.hmap -emit-const-values -Xfrontend -const-gather-protocols-file -Xfrontend /Users/jonathanluquet/CODE\ local/evasion/fastlane/snapshot-derived-data/Build/Intermediates.noindex/OasisNative.build/Debug-iphonesimulator/OasisNativeUITests.build/Objects-normal/arm64/OasisNativeUITests_const_extract_protocols.json -Xcc -iquote -Xcc /Users/jonathanluquet/CODE\ local/evasion/fastlane/snapshot-derived-data/Build/Intermediates.noindex/OasisNative.build/Debug-iphonesimulator/OasisNativeUITests.build/OasisNativeUITests-generated-files.hmap -Xcc -I/Users/jonathanluquet/CODE\ local/evasion/fastlane/snapshot-derived-data/Build/Intermediates.noindex/OasisNative.build/Debug-iphonesimulator/OasisNativeUITests.build/OasisNativeUITests-own-target-headers.hmap -Xcc -I/Users/jonathanluquet/CODE\ local/evasion/fastlane/snapshot-derived-data/Build/Intermediates.noindex/OasisNative.build/Debug-iphonesimulator/OasisNativeUITests.build/OasisNativeUITests-all-non-framework-target-headers.hmap -Xcc -ivfsoverlay -Xcc /Users/jonathanluquet/CODE\ local/evasion/fastlane/snapshot-derived-data/Build/Intermediates.noindex/OasisNative.build/Debug-iphonesimulator/OasisNative-96ed7fbd8a27391edb33333a1c065291-VFS-iphonesimulator/all-product-headers.yaml -Xcc -iquote -Xcc /Users/jonathanluquet/CODE\ local/evasion/fastlane/snapshot-derived-data/Build/Intermediates.noindex/OasisNative.build/Debug-iphonesimulator/OasisNativeUITests.build/OasisNativeUITests-project-headers.hmap -Xcc -I/Users/jonathanluquet/CODE\ local/evasion/fastlane/snapshot-derived-data/Build/Products/Debug-iphonesimulator/include -Xcc -I/Users/jonathanluquet/CODE\ local/evasion/fastlane/snapshot-derived-data/Build/Intermediates.noindex/OasisNative.build/Debug-iphonesimulator/OasisNativeUITests.build/DerivedSources-normal/arm64 -Xcc -I/Users/jonathanluquet/CODE\ local/evasion/fastlane/snapshot-derived-data/Build/Intermediates.noindex/OasisNative.build/Debug-iphonesimulator/OasisNativeUITests.build/DerivedSources/arm64 -Xcc -I/Users/jonathanluquet/CODE\ local/evasion/fastlane/snapshot-derived-data/Build/Intermediates.noindex/OasisNative.build/Debug-iphonesimulator/OasisNativeUITests.build/DerivedSources -Xcc -DDEBUG\=1 -emit-objc-header -emit-objc-header-path /Users/jonathanluquet/CODE\ local/evasion/fastlane/snapshot-derived-data/Build/Intermediates.noindex/OasisNative.build/Debug-iphonesimulator/OasisNativeUITests.build/Objects-normal/arm64/OasisNativeUITests-Swift.h -working-directory /Users/jonathanluquet/CODE\ local/evasion/ios-native -experimental-emit-module-separately -disable-cmo

Validate /Users/jonathanluquet/CODE\ local/evasion/fastlane/snapshot-derived-data/Build/Products/Debug-iphonesimulator/Oasis.app (in target 'OasisNative' from project 'OasisNative')
    cd /Users/jonathanluquet/CODE\ local/evasion/ios-native
    builtin-validationUtility /Users/jonathanluquet/CODE\ local/evasion/fastlane/snapshot-derived-data/Build/Products/Debug-iphonesimulator/Oasis.app -shallow-bundle -infoplist-subpath Info.plist

Ld /Users/jonathanluquet/CODE\ local/evasion/fastlane/snapshot-derived-data/Build/Products/Debug-iphonesimulator/OasisNativeUITests-Runner.app/PlugIns/OasisNativeUITests.xctest/OasisNativeUITests normal (in target 'OasisNativeUITests' from project 'OasisNative')
    cd /Users/jonathanluquet/CODE\ local/evasion/ios-native
    /Applications/Xcode.app/Contents/Developer/Toolchains/XcodeDefault.xctoolchain/usr/bin/clang -Xlinker -reproducible -target arm64-apple-ios26.0-simulator -bundle -isysroot /Applications/Xcode.app/Contents/Developer/Platforms/iPhoneSimulator.platform/Developer/SDKs/iPhoneSimulator26.2.sdk -O0 -L/Users/jonathanluquet/CODE\ local/evasion/fastlane/snapshot-derived-data/Build/Intermediates.noindex/EagerLinkingTBDs/Debug-iphonesimulator -L/Users/jonathanluquet/CODE\ local/evasion/fastlane/snapshot-derived-data/Build/Products/Debug-iphonesimulator -L/Applications/Xcode.app/Contents/Developer/Platforms/iPhoneSimulator.platform/Developer/usr/lib -F/Users/jonathanluquet/CODE\ local/evasion/fastlane/snapshot-derived-data/Build/Intermediates.noindex/EagerLinkingTBDs/Debug-iphonesimulator -F/Users/jonathanluquet/CODE\ local/evasion/fastlane/snapshot-derived-data/Build/Products/Debug-iphonesimulator -iframework /Applications/Xcode.app/Contents/Developer/Platforms/iPhoneSimulator.platform/Developer/Library/Frameworks -iframework /Applications/Xcode.app/Contents/Developer/Platforms/iPhoneSimulator.platform/Developer/SDKs/iPhoneSimulator26.2.sdk/Developer/Library/Frameworks -filelist /Users/jonathanluquet/CODE\ local/evasion/fastlane/snapshot-derived-data/Build/Intermediates.noindex/OasisNative.build/Debug-iphonesimulator/OasisNativeUITests.build/Objects-normal/arm64/OasisNativeUITests.LinkFileList -Xlinker -rpath -Xlinker @loader_path/Frameworks -dead_strip -Xlinker -object_path_lto -Xlinker /Users/jonathanluquet/CODE\ local/evasion/fastlane/snapshot-derived-data/Build/Intermediates.noindex/OasisNative.build/Debug-iphonesimulator/OasisNativeUITests.build/Objects-normal/arm64/OasisNativeUITests_lto.o -rdynamic -Xlinker -no_deduplicate -Xlinker -objc_abi_version -Xlinker 2 -Xlinker -dependency_info -Xlinker /Users/jonathanluquet/CODE\ local/evasion/fastlane/snapshot-derived-data/Build/Intermediates.noindex/OasisNative.build/Debug-iphonesimulator/OasisNativeUITests.build/Objects-normal/arm64/OasisNativeUITests_dependency_info.dat -fobjc-link-runtime -L/Applications/Xcode.app/Contents/Developer/Toolchains/XcodeDefault.xctoolchain/usr/lib/swift/iphonesimulator -L/usr/lib/swift -Xlinker -add_ast_path -Xlinker /Users/jonathanluquet/CODE\ local/evasion/fastlane/snapshot-derived-data/Build/Intermediates.noindex/OasisNative.build/Debug-iphonesimulator/OasisNativeUITests.build/Objects-normal/arm64/OasisNativeUITests.swiftmodule @/Users/jonathanluquet/CODE\ local/evasion/fastlane/snapshot-derived-data/Build/Intermediates.noindex/OasisNative.build/Debug-iphonesimulator/OasisNativeUITests.build/Objects-normal/arm64/OasisNativeUITests-linker-args.resp -Xlinker -needed_framework -Xlinker XCTest -framework XCTest -Xlinker -needed-lXCTestSwiftSupport -lXCTestSwiftSupport -Xlinker -sectcreate -Xlinker __TEXT -Xlinker __entitlements -Xlinker /Users/jonathanluquet/CODE\ local/evasion/fastlane/snapshot-derived-data/Build/Intermediates.noindex/OasisNative.build/Debug-iphonesimulator/OasisNativeUITests.build/OasisNativeUITests.xctest-Simulated.xcent -Xlinker -sectcreate -Xlinker __TEXT -Xlinker __ents_der -Xlinker /Users/jonathanluquet/CODE\ local/evasion/fastlane/snapshot-derived-data/Build/Intermediates.noindex/OasisNative.build/Debug-iphonesimulator/OasisNativeUITests.build/OasisNativeUITests.xctest-Simulated.xcent.der -framework Foundation -Xlinker -no_adhoc_codesign -o /Users/jonathanluquet/CODE\ local/evasion/fastlane/snapshot-derived-data/Build/Products/Debug-iphonesimulator/OasisNativeUITests-Runner.app/PlugIns/OasisNativeUITests.xctest/OasisNativeUITests

ProcessInfoPlistFile /Users/jonathanluquet/CODE\ local/evasion/fastlane/snapshot-derived-data/Build/Products/Debug-iphonesimulator/OasisNativeUITests-Runner.app/PlugIns/OasisNativeUITests.xctest/Info.plist /Users/jonathanluquet/CODE\ local/evasion/fastlane/snapshot-derived-data/Build/Intermediates.noindex/OasisNative.build/Debug-iphonesimulator/OasisNativeUITests.build/empty-OasisNativeUITests.plist (in target 'OasisNativeUITests' from project 'OasisNative')
    cd /Users/jonathanluquet/CODE\ local/evasion/ios-native
    builtin-infoPlistUtility /Users/jonathanluquet/CODE\ local/evasion/fastlane/snapshot-derived-data/Build/Intermediates.noindex/OasisNative.build/Debug-iphonesimulator/OasisNativeUITests.build/empty-OasisNativeUITests.plist -producttype com.apple.product-type.bundle.ui-testing -expandbuildsettings -format binary -platform iphonesimulator -additionalcontentfile /Users/jonathanluquet/CODE\ local/evasion/fastlane/snapshot-derived-data/Build/Intermediates.noindex/OasisNative.build/Debug-iphonesimulator/OasisNativeUITests.build/ProductTypeInfoPlistAdditions.plist -o /Users/jonathanluquet/CODE\ local/evasion/fastlane/snapshot-derived-data/Build/Products/Debug-iphonesimulator/OasisNativeUITests-Runner.app/PlugIns/OasisNativeUITests.xctest/Info.plist

ExtractAppIntentsMetadata (in target 'OasisNativeUITests' from project 'OasisNative')
    cd /Users/jonathanluquet/CODE\ local/evasion/ios-native
    /Applications/Xcode.app/Contents/Developer/Toolchains/XcodeDefault.xctoolchain/usr/bin/appintentsmetadataprocessor --toolchain-dir /var/run/com.apple.security.cryptexd/mnt/com.apple.MobileAsset.MetalToolchain-v17.3.7003.10.pEtMZB/Metal.xctoolchain --module-name OasisNativeUITests --sdk-root /Applications/Xcode.app/Contents/Developer/Platforms/iPhoneSimulator.platform/Developer/SDKs/iPhoneSimulator26.2.sdk --xcode-version 17C52 --platform-family iOS --deployment-target 26.0 --bundle-identifier com.jonathanluquet.drift.UITests --output /Users/jonathanluquet/CODE\ local/evasion/fastlane/snapshot-derived-data/Build/Products/Debug-iphonesimulator/OasisNativeUITests-Runner.app/PlugIns/OasisNativeUITests.xctest --target-triple arm64-apple-ios26.0-simulator --binary-file /Users/jonathanluquet/CODE\ local/evasion/fastlane/snapshot-derived-data/Build/Products/Debug-iphonesimulator/OasisNativeUITests-Runner.app/PlugIns/OasisNativeUITests.xctest/OasisNativeUITests --dependency-file /Users/jonathanluquet/CODE\ local/evasion/fastlane/snapshot-derived-data/Build/Intermediates.noindex/OasisNative.build/Debug-iphonesimulator/OasisNativeUITests.build/Objects-normal/arm64/OasisNativeUITests_dependency_info.dat --stringsdata-file /Users/jonathanluquet/CODE\ local/evasion/fastlane/snapshot-derived-data/Build/Intermediates.noindex/OasisNative.build/Debug-iphonesimulator/OasisNativeUITests.build/Objects-normal/arm64/ExtractedAppShortcutsMetadata.stringsdata --source-file-list /Users/jonathanluquet/CODE\ local/evasion/fastlane/snapshot-derived-data/Build/Intermediates.noindex/OasisNative.build/Debug-iphonesimulator/OasisNativeUITests.build/Objects-normal/arm64/OasisNativeUITests.SwiftFileList --metadata-file-list /Users/jonathanluquet/CODE\ local/evasion/fastlane/snapshot-derived-data/Build/Intermediates.noindex/OasisNative.build/Debug-iphonesimulator/OasisNativeUITests.build/OasisNativeUITests.DependencyMetadataFileList --static-metadata-file-list /Users/jonathanluquet/CODE\ local/evasion/fastlane/snapshot-derived-data/Build/Intermediates.noindex/OasisNative.build/Debug-iphonesimulator/OasisNativeUITests.build/OasisNativeUITests.DependencyStaticMetadataFileList --swift-const-vals-list /Users/jonathanluquet/CODE\ local/evasion/fastlane/snapshot-derived-data/Build/Intermediates.noindex/OasisNative.build/Debug-iphonesimulator/OasisNativeUITests.build/Objects-normal/arm64/OasisNativeUITests.SwiftConstValuesFileList --compile-time-extraction --deployment-aware-processing --validate-assistant-intents --no-app-shortcuts-localization
2026-03-13 13:34:56.142 appintentsmetadataprocessor[34551:24836722] Starting appintentsmetadataprocessor export
2026-03-13 13:34:56.149 appintentsmetadataprocessor[34551:24836722] warning: Metadata extraction skipped. No AppIntents.framework dependency found.

CopySwiftLibs /Users/jonathanluquet/CODE\ local/evasion/fastlane/snapshot-derived-data/Build/Products/Debug-iphonesimulator/OasisNativeUITests-Runner.app/PlugIns/OasisNativeUITests.xctest (in target 'OasisNativeUITests' from project 'OasisNative')
    cd /Users/jonathanluquet/CODE\ local/evasion/ios-native
    builtin-swiftStdLibTool --copy --verbose --sign - --scan-executable /Users/jonathanluquet/CODE\ local/evasion/fastlane/snapshot-derived-data/Build/Products/Debug-iphonesimulator/OasisNativeUITests-Runner.app/PlugIns/OasisNativeUITests.xctest/OasisNativeUITests --scan-folder /Users/jonathanluquet/CODE\ local/evasion/fastlane/snapshot-derived-data/Build/Products/Debug-iphonesimulator/OasisNativeUITests-Runner.app/PlugIns/OasisNativeUITests.xctest/Frameworks --scan-folder /Users/jonathanluquet/CODE\ local/evasion/fastlane/snapshot-derived-data/Build/Products/Debug-iphonesimulator/OasisNativeUITests-Runner.app/PlugIns/OasisNativeUITests.xctest/PlugIns --scan-folder /Users/jonathanluquet/CODE\ local/evasion/fastlane/snapshot-derived-data/Build/Products/Debug-iphonesimulator/OasisNativeUITests-Runner.app/PlugIns/OasisNativeUITests.xctest/SystemExtensions --scan-folder /Users/jonathanluquet/CODE\ local/evasion/fastlane/snapshot-derived-data/Build/Products/Debug-iphonesimulator/OasisNativeUITests-Runner.app/PlugIns/OasisNativeUITests.xctest/Extensions --scan-folder /Applications/Xcode.app/Contents/Developer/Platforms/iPhoneOS.platform/Developer/SDKs/iPhoneOS18.0.sdk/System/Library/Frameworks/Foundation.framework --platform iphonesimulator --toolchain /var/run/com.apple.security.cryptexd/mnt/com.apple.MobileAsset.MetalToolchain-v17.3.7003.10.pEtMZB/Metal.xctoolchain --toolchain /Applications/Xcode.app/Contents/Developer/Toolchains/XcodeDefault.xctoolchain --destination /Users/jonathanluquet/CODE\ local/evasion/fastlane/snapshot-derived-data/Build/Products/Debug-iphonesimulator/OasisNativeUITests-Runner.app/PlugIns/OasisNativeUITests.xctest/Frameworks --strip-bitcode --scan-executable /Applications/Xcode.app/Contents/Developer/Platforms/iPhoneSimulator.platform/Developer/usr/lib/libXCTestSwiftSupport.dylib --strip-bitcode-tool /Applications/Xcode.app/Contents/Developer/Toolchains/XcodeDefault.xctoolchain/usr/bin/bitcode_strip --emit-dependency-info /Users/jonathanluquet/CODE\ local/evasion/fastlane/snapshot-derived-data/Build/Intermediates.noindex/OasisNative.build/Debug-iphonesimulator/OasisNativeUITests.build/SwiftStdLibToolInputDependencies.dep --filter-for-swift-os

AppIntentsSSUTraining (in target 'OasisNativeUITests' from project 'OasisNative')
    cd /Users/jonathanluquet/CODE\ local/evasion/ios-native
    /Applications/Xcode.app/Contents/Developer/Toolchains/XcodeDefault.xctoolchain/usr/bin/appintentsnltrainingprocessor --infoplist-path /Users/jonathanluquet/CODE\ local/evasion/fastlane/snapshot-derived-data/Build/Products/Debug-iphonesimulator/OasisNativeUITests-Runner.app/PlugIns/OasisNativeUITests.xctest/Info.plist --temp-dir-path /Users/jonathanluquet/CODE\ local/evasion/fastlane/snapshot-derived-data/Build/Intermediates.noindex/OasisNative.build/Debug-iphonesimulator/OasisNativeUITests.build/ssu --bundle-id com.jonathanluquet.drift.UITests --product-path /Users/jonathanluquet/CODE\ local/evasion/fastlane/snapshot-derived-data/Build/Products/Debug-iphonesimulator/OasisNativeUITests-Runner.app/PlugIns/OasisNativeUITests.xctest --extracted-metadata-path /Users/jonathanluquet/CODE\ local/evasion/fastlane/snapshot-derived-data/Build/Products/Debug-iphonesimulator/OasisNativeUITests-Runner.app/PlugIns/OasisNativeUITests.xctest/Metadata.appintents --metadata-file-list /Users/jonathanluquet/CODE\ local/evasion/fastlane/snapshot-derived-data/Build/Intermediates.noindex/OasisNative.build/Debug-iphonesimulator/OasisNativeUITests.build/OasisNativeUITests.DependencyMetadataFileList --archive-ssu-assets
2026-03-13 13:34:56.375 appintentsnltrainingprocessor[34672:24836849] Parsing options for appintentsnltrainingprocessor
2026-03-13 13:34:56.377 appintentsnltrainingprocessor[34672:24836849] No AppShortcuts found - Skipping.

Copy /Users/jonathanluquet/CODE\ local/evasion/fastlane/snapshot-derived-data/Build/Products/Debug-iphonesimulator/OasisNativeUITests-Runner.app/PkgInfo /Applications/Xcode.app/Contents/Developer/Platforms/iPhoneSimulator.platform/Developer/Library/Xcode/Agents/XCTRunner.app/PkgInfo (in target 'OasisNativeUITests' from project 'OasisNative')
    cd /Users/jonathanluquet/CODE\ local/evasion/ios-native
    builtin-copy -exclude .DS_Store -exclude CVS -exclude .svn -exclude .git -exclude .hg -resolve-src-symlinks /Applications/Xcode.app/Contents/Developer/Platforms/iPhoneSimulator.platform/Developer/Library/Xcode/Agents/XCTRunner.app/PkgInfo /Users/jonathanluquet/CODE\ local/evasion/fastlane/snapshot-derived-data/Build/Products/Debug-iphonesimulator/OasisNativeUITests-Runner.app

MkDir /Users/jonathanluquet/CODE\ local/evasion/fastlane/snapshot-derived-data/Build/Products/Debug-iphonesimulator/OasisNativeUITests-Runner.app (in target 'OasisNativeUITests' from project 'OasisNative')
    cd /Users/jonathanluquet/CODE\ local/evasion/ios-native
    /bin/mkdir -p /Users/jonathanluquet/CODE\ local/evasion/fastlane/snapshot-derived-data/Build/Products/Debug-iphonesimulator/OasisNativeUITests-Runner.app

CopyPlistFile /Users/jonathanluquet/CODE\ local/evasion/fastlane/snapshot-derived-data/Build/Products/Debug-iphonesimulator/OasisNativeUITests-Runner.app/Info.plist /Applications/Xcode.app/Contents/Developer/Platforms/iPhoneSimulator.platform/Developer/Library/Xcode/Agents/XCTRunner.app/Info.plist (in target 'OasisNativeUITests' from project 'OasisNative')
    cd /Users/jonathanluquet/CODE\ local/evasion/ios-native
    builtin-copyPlist --validate --convert xml1 --macro-expansion WRAPPEDPRODUCTNAME OasisNativeUITests-Runner --macro-expansion WRAPPEDPRODUCTBUNDLEIDENTIFIER com.jonathanluquet.drift.UITests.xctrunner --macro-expansion TESTPRODUCTNAME OasisNativeUITests --macro-expansion TESTPRODUCTBUNDLEIDENTIFIER com.jonathanluquet.drift.UITests --copy-value UIDeviceFamily /Users/jonathanluquet/CODE\ local/evasion/fastlane/snapshot-derived-data/Build/Products/Debug-iphonesimulator/OasisNativeUITests-Runner.app/PlugIns/OasisNativeUITests.xctest/Info.plist --outdir /Users/jonathanluquet/CODE\ local/evasion/fastlane/snapshot-derived-data/Build/Products/Debug-iphonesimulator/OasisNativeUITests-Runner.app -- /Applications/Xcode.app/Contents/Developer/Platforms/iPhoneSimulator.platform/Developer/Library/Xcode/Agents/XCTRunner.app/Info.plist

CopyAndPreserveArchs /Users/jonathanluquet/CODE\ local/evasion/fastlane/snapshot-derived-data/Build/Products/Debug-iphonesimulator/OasisNativeUITests-Runner.app/OasisNativeUITests-Runner (in target 'OasisNativeUITests' from project 'OasisNative')
    cd /Users/jonathanluquet/CODE\ local/evasion/ios-native
    /Applications/Xcode.app/Contents/Developer/Toolchains/XcodeDefault.xctoolchain/usr/bin/lipo /Applications/Xcode.app/Contents/Developer/Platforms/iPhoneSimulator.platform/Developer/Library/Xcode/Agents/XCTRunner.app/XCTRunner -output /Users/jonathanluquet/CODE\ local/evasion/fastlane/snapshot-derived-data/Build/Products/Debug-iphonesimulator/OasisNativeUITests-Runner.app/OasisNativeUITests-Runner -extract arm64

Copy /Users/jonathanluquet/CODE\ local/evasion/fastlane/snapshot-derived-data/Build/Products/Debug-iphonesimulator/OasisNativeUITests-Runner.app/Frameworks/libXCTestSwiftSupport.dylib /Applications/Xcode.app/Contents/Developer/Platforms/iPhoneSimulator.platform/Developer/usr/lib/libXCTestSwiftSupport.dylib (in target 'OasisNativeUITests' from project 'OasisNative')
    cd /Users/jonathanluquet/CODE\ local/evasion/ios-native
    builtin-copy -exclude .DS_Store -exclude CVS -exclude .svn -exclude .git -exclude .hg -exclude Headers -exclude PrivateHeaders -exclude Modules -exclude \*.tbd -resolve-src-symlinks /Applications/Xcode.app/Contents/Developer/Platforms/iPhoneSimulator.platform/Developer/usr/lib/libXCTestSwiftSupport.dylib /Users/jonathanluquet/CODE\ local/evasion/fastlane/snapshot-derived-data/Build/Products/Debug-iphonesimulator/OasisNativeUITests-Runner.app/Frameworks

Copy /Users/jonathanluquet/CODE\ local/evasion/fastlane/snapshot-derived-data/Build/Products/Debug-iphonesimulator/OasisNativeUITests-Runner.app/Frameworks/XCUnit.framework /Applications/Xcode.app/Contents/Developer/Platforms/iPhoneSimulator.platform/Developer/Library/PrivateFrameworks/XCUnit.framework (in target 'OasisNativeUITests' from project 'OasisNative')
    cd /Users/jonathanluquet/CODE\ local/evasion/ios-native
    builtin-copy -exclude .DS_Store -exclude CVS -exclude .svn -exclude .git -exclude .hg -exclude Headers -exclude PrivateHeaders -exclude Modules -exclude \*.tbd -resolve-src-symlinks /Applications/Xcode.app/Contents/Developer/Platforms/iPhoneSimulator.platform/Developer/Library/PrivateFrameworks/XCUnit.framework /Users/jonathanluquet/CODE\ local/evasion/fastlane/snapshot-derived-data/Build/Products/Debug-iphonesimulator/OasisNativeUITests-Runner.app/Frameworks

Copy /Users/jonathanluquet/CODE\ local/evasion/fastlane/snapshot-derived-data/Build/Products/Debug-iphonesimulator/OasisNativeUITests-Runner.app/Frameworks/XCUIAutomation.framework /Applications/Xcode.app/Contents/Developer/Platforms/iPhoneSimulator.platform/Developer/Library/Frameworks/XCUIAutomation.framework (in target 'OasisNativeUITests' from project 'OasisNative')
    cd /Users/jonathanluquet/CODE\ local/evasion/ios-native
    builtin-copy -exclude .DS_Store -exclude CVS -exclude .svn -exclude .git -exclude .hg -exclude Headers -exclude PrivateHeaders -exclude Modules -exclude \*.tbd -resolve-src-symlinks /Applications/Xcode.app/Contents/Developer/Platforms/iPhoneSimulator.platform/Developer/Library/Frameworks/XCUIAutomation.framework /Users/jonathanluquet/CODE\ local/evasion/fastlane/snapshot-derived-data/Build/Products/Debug-iphonesimulator/OasisNativeUITests-Runner.app/Frameworks

Copy /Users/jonathanluquet/CODE\ local/evasion/fastlane/snapshot-derived-data/Build/Products/Debug-iphonesimulator/OasisNativeUITests-Runner.app/Frameworks/XCTestSupport.framework /Applications/Xcode.app/Contents/Developer/Platforms/iPhoneSimulator.platform/Developer/Library/PrivateFrameworks/XCTestSupport.framework (in target 'OasisNativeUITests' from project 'OasisNative')
    cd /Users/jonathanluquet/CODE\ local/evasion/ios-native
    builtin-copy -exclude .DS_Store -exclude CVS -exclude .svn -exclude .git -exclude .hg -exclude Headers -exclude PrivateHeaders -exclude Modules -exclude \*.tbd -resolve-src-symlinks /Applications/Xcode.app/Contents/Developer/Platforms/iPhoneSimulator.platform/Developer/Library/PrivateFrameworks/XCTestSupport.framework /Users/jonathanluquet/CODE\ local/evasion/fastlane/snapshot-derived-data/Build/Products/Debug-iphonesimulator/OasisNativeUITests-Runner.app/Frameworks

Copy /Users/jonathanluquet/CODE\ local/evasion/fastlane/snapshot-derived-data/Build/Products/Debug-iphonesimulator/OasisNativeUITests-Runner.app/Frameworks/XCTestCore.framework /Applications/Xcode.app/Contents/Developer/Platforms/iPhoneSimulator.platform/Developer/Library/PrivateFrameworks/XCTestCore.framework (in target 'OasisNativeUITests' from project 'OasisNative')
    cd /Users/jonathanluquet/CODE\ local/evasion/ios-native
    builtin-copy -exclude .DS_Store -exclude CVS -exclude .svn -exclude .git -exclude .hg -exclude Headers -exclude PrivateHeaders -exclude Modules -exclude \*.tbd -resolve-src-symlinks /Applications/Xcode.app/Contents/Developer/Platforms/iPhoneSimulator.platform/Developer/Library/PrivateFrameworks/XCTestCore.framework /Users/jonathanluquet/CODE\ local/evasion/fastlane/snapshot-derived-data/Build/Products/Debug-iphonesimulator/OasisNativeUITests-Runner.app/Frameworks

Copy /Users/jonathanluquet/CODE\ local/evasion/fastlane/snapshot-derived-data/Build/Products/Debug-iphonesimulator/OasisNativeUITests-Runner.app/Frameworks/XCTest.framework /Applications/Xcode.app/Contents/Developer/Platforms/iPhoneSimulator.platform/Developer/Library/Frameworks/XCTest.framework (in target 'OasisNativeUITests' from project 'OasisNative')
    cd /Users/jonathanluquet/CODE\ local/evasion/ios-native
    builtin-copy -exclude .DS_Store -exclude CVS -exclude .svn -exclude .git -exclude .hg -exclude Headers -exclude PrivateHeaders -exclude Modules -exclude \*.tbd -resolve-src-symlinks /Applications/Xcode.app/Contents/Developer/Platforms/iPhoneSimulator.platform/Developer/Library/Frameworks/XCTest.framework /Users/jonathanluquet/CODE\ local/evasion/fastlane/snapshot-derived-data/Build/Products/Debug-iphonesimulator/OasisNativeUITests-Runner.app/Frameworks

Copy /Users/jonathanluquet/CODE\ local/evasion/fastlane/snapshot-derived-data/Build/Products/Debug-iphonesimulator/OasisNativeUITests-Runner.app/Frameworks/XCTAutomationSupport.framework /Applications/Xcode.app/Contents/Developer/Platforms/iPhoneSimulator.platform/Developer/Library/PrivateFrameworks/XCTAutomationSupport.framework (in target 'OasisNativeUITests' from project 'OasisNative')
    cd /Users/jonathanluquet/CODE\ local/evasion/ios-native
    builtin-copy -exclude .DS_Store -exclude CVS -exclude .svn -exclude .git -exclude .hg -exclude Headers -exclude PrivateHeaders -exclude Modules -exclude \*.tbd -resolve-src-symlinks /Applications/Xcode.app/Contents/Developer/Platforms/iPhoneSimulator.platform/Developer/Library/PrivateFrameworks/XCTAutomationSupport.framework /Users/jonathanluquet/CODE\ local/evasion/fastlane/snapshot-derived-data/Build/Products/Debug-iphonesimulator/OasisNativeUITests-Runner.app/Frameworks

Copy /Users/jonathanluquet/CODE\ local/evasion/fastlane/snapshot-derived-data/Build/Products/Debug-iphonesimulator/OasisNativeUITests-Runner.app/Frameworks/Testing.framework /Applications/Xcode.app/Contents/Developer/Platforms/iPhoneSimulator.platform/Developer/Library/Frameworks/Testing.framework (in target 'OasisNativeUITests' from project 'OasisNative')
    cd /Users/jonathanluquet/CODE\ local/evasion/ios-native
    builtin-copy -exclude .DS_Store -exclude CVS -exclude .svn -exclude .git -exclude .hg -exclude Headers -exclude PrivateHeaders -exclude Modules -exclude \*.tbd -resolve-src-symlinks /Applications/Xcode.app/Contents/Developer/Platforms/iPhoneSimulator.platform/Developer/Library/Frameworks/Testing.framework /Users/jonathanluquet/CODE\ local/evasion/fastlane/snapshot-derived-data/Build/Products/Debug-iphonesimulator/OasisNativeUITests-Runner.app/Frameworks

CodeSign /Users/jonathanluquet/CODE\ local/evasion/fastlane/snapshot-derived-data/Build/Products/Debug-iphonesimulator/OasisNativeUITests-Runner.app/PlugIns/OasisNativeUITests.xctest (in target 'OasisNativeUITests' from project 'OasisNative')
    cd /Users/jonathanluquet/CODE\ local/evasion/ios-native
    
    Signing Identity:     "Sign to Run Locally"
    
    /usr/bin/codesign --force --sign - --timestamp\=none --generate-entitlement-der /Users/jonathanluquet/CODE\ local/evasion/fastlane/snapshot-derived-data/Build/Products/Debug-iphonesimulator/OasisNativeUITests-Runner.app/PlugIns/OasisNativeUITests.xctest

CodeSign /Users/jonathanluquet/CODE\ local/evasion/fastlane/snapshot-derived-data/Build/Products/Debug-iphonesimulator/OasisNativeUITests-Runner.app (in target 'OasisNativeUITests' from project 'OasisNative')
    cd /Users/jonathanluquet/CODE\ local/evasion/ios-native
    
    Signing Identity:     "Sign to Run Locally"
    
    /usr/bin/codesign --force --sign - --timestamp\=none --generate-entitlement-der /Users/jonathanluquet/CODE\ local/evasion/fastlane/snapshot-derived-data/Build/Products/Debug-iphonesimulator/OasisNativeUITests-Runner.app
/Users/jonathanluquet/CODE local/evasion/fastlane/snapshot-derived-data/Build/Products/Debug-iphonesimulator/OasisNativeUITests-Runner.app: replacing existing signature

RegisterExecutionPolicyException /Users/jonathanluquet/CODE\ local/evasion/fastlane/snapshot-derived-data/Build/Products/Debug-iphonesimulator/OasisNativeUITests-Runner.app/PlugIns/OasisNativeUITests.xctest (in target 'OasisNativeUITests' from project 'OasisNative')
    cd /Users/jonathanluquet/CODE\ local/evasion/ios-native
    builtin-RegisterExecutionPolicyException /Users/jonathanluquet/CODE\ local/evasion/fastlane/snapshot-derived-data/Build/Products/Debug-iphonesimulator/OasisNativeUITests-Runner.app/PlugIns/OasisNativeUITests.xctest

Touch /Users/jonathanluquet/CODE\ local/evasion/fastlane/snapshot-derived-data/Build/Products/Debug-iphonesimulator/OasisNativeUITests-Runner.app/PlugIns/OasisNativeUITests.xctest (in target 'OasisNativeUITests' from project 'OasisNative')
    cd /Users/jonathanluquet/CODE\ local/evasion/ios-native
    /usr/bin/touch -c /Users/jonathanluquet/CODE\ local/evasion/fastlane/snapshot-derived-data/Build/Products/Debug-iphonesimulator/OasisNativeUITests-Runner.app/PlugIns/OasisNativeUITests.xctest

2026-03-13 13:35:16.509772+0100 OasisNativeUITests-Runner[51261:24854160] [Default] Running tests...
    t =      nans Interface orientation changed to Portrait
Test Suite 'All tests' started at 2026-03-13 13:35:31.581.
Test Suite 'OasisNativeUITests.xctest' started at 2026-03-13 13:35:31.583.
Test Suite 'OasisNativeScreenshots' started at 2026-03-13 13:35:31.583.
Test Case '-[OasisNativeUITests.OasisNativeScreenshots testAppStoreScreenshots]' started.
    t =     0.00s Start Test at 2026-03-13 13:35:31.587
    t =     0.58s Set Up
    t =     0.61s Open com.jonathanluquet.drift.UITests
    t =     0.61s     Launch com.jonathanluquet.drift.UITests
/Users/jonathanluquet/CODE local/evasion/ios-native/OasisNativeUITests/OasisNativeScreenshots.swift:16: error: -[OasisNativeUITests.OasisNativeScreenshots testAppStoreScreenshots] : Failed to launch com.jonathanluquet.drift.UITests: The request to open "com.jonathanluquet.drift.UITests" failed. (Underlying Error: The operation couldn’t be completed. Application info provider (FBSApplicationLibrary) returned nil for "com.jonathanluquet.drift.UITests")
    t =    12.64s Tear Down
Test Case '-[OasisNativeUITests.OasisNativeScreenshots testAppStoreScreenshots]' failed (12.666 seconds).
Test Suite 'OasisNativeScreenshots' failed at 2026-03-13 13:35:44.251.
	 Executed 1 test, with 1 failure (0 unexpected) in 12.666 (12.668) seconds
Test Suite 'OasisNativeUITests.xctest' failed at 2026-03-13 13:35:44.251.
	 Executed 1 test, with 1 failure (0 unexpected) in 12.666 (12.669) seconds
Test Suite 'All tests' failed at 2026-03-13 13:35:44.252.
	 Executed 1 test, with 1 failure (0 unexpected) in 12.666 (12.670) seconds
